Log file opened on Wed Feb 27 11:03:24 2019
Host: Labmmol  pid: 18072  rank ID: 0  number of ranks:  1
                   :-) GROMACS - gmx mdrun, VERSION 5.1.4 (-:

                            GROMACS is written by:
     Emile Apol      Rossen Apostolov  Herman J.C. Berendsen    Par Bjelkmar   
 Aldert van Buuren   Rudi van Drunen     Anton Feenstra   Sebastian Fritsch 
  Gerrit Groenhof   Christoph Junghans   Anca Hamuraru    Vincent Hindriksen
 Dimitrios Karkoulis    Peter Kasson        Jiri Kraus      Carsten Kutzner  
    Per Larsson      Justin A. Lemkul   Magnus Lundborg   Pieter Meulenhoff 
   Erik Marklund      Teemu Murtola       Szilard Pall       Sander Pronk   
   Roland Schulz     Alexey Shvetsov     Michael Shirts     Alfons Sijbers  
   Peter Tieleman    Teemu Virolainen  Christian Wennberg    Maarten Wolf   
                           and the project leaders:
        Mark Abraham, Berk Hess, Erik Lindahl, and David van der Spoel

Copyright (c) 1991-2000, University of Groningen, The Netherlands.
Copyright (c) 2001-2015, The GROMACS development team at
Uppsala University, Stockholm University and
the Royal Institute of Technology, Sweden.
check out http://www.gromacs.org for more information.

GROMACS is free software; you can redistribute it and/or modify it
under the terms of the GNU Lesser General Public License
as published by the Free Software Foundation; either version 2.1
of the License, or (at your option) any later version.

GROMACS:      gmx mdrun, VERSION 5.1.4
Executable:   /home/mayk/programs/gromacs-5.1.4/install/bin/gmx
Data prefix:  /home/mayk/programs/gromacs-5.1.4/install
Command line:
  gmx mdrun -s dock.tpr -deffnm dock -plumed plumed_dock.dat

GROMACS version:    VERSION 5.1.4
Precision:          single
Memory model:       64 bit
MPI library:        thread_mpi
OpenMP support:     enabled (GMX_OPENMP_MAX_THREADS = 32)
GPU support:        enabled
OpenCL support:     disabled
invsqrt routine:    gmx_software_invsqrt(x)
SIMD instructions:  AVX2_256
FFT library:        fftw-3.3.4-sse2-avx
RDTSCP usage:       enabled
C++11 compilation:  disabled
TNG support:        enabled
Tracing support:    disabled
Built on:           Ter Jul 17 17:54:07 -03 2018
Built by:           mayk@magalylinux2 [CMAKE]
Build OS/arch:      Linux 4.15.0-24-generic x86_64
Build CPU vendor:   GenuineIntel
Build CPU brand:    Intel(R) Core(TM) i7-6700K CPU @ 4.00GHz
Build CPU family:   6   Model: 94   Stepping: 3
Build CPU features: aes apic avx avx2 clfsh cmov cx8 cx16 f16c fma htt lahf_lm mmx msr nonstop_tsc pcid pclmuldq pdcm pdpe1gb popcnt pse rdrnd rdtscp sse2 sse3 sse4.1 sse4.2 ssse3 tdt x2apic
C compiler:         /usr/bin/cc GNU 5.4.0
C compiler flags:    -march=core-avx2    -Wextra -Wno-missing-field-initializers -Wno-sign-compare -Wpointer-arith -Wall -Wno-unused -Wunused-value -Wunused-parameter  -O3 -DNDEBUG -funroll-all-loops -fexcess-precision=fast  -Wno-array-bounds 
C++ compiler:       /usr/bin/c++ GNU 5.4.0
C++ compiler flags:  -march=core-avx2    -Wextra -Wno-missing-field-initializers -Wpointer-arith -Wall -Wno-unused-function  -O3 -DNDEBUG -funroll-all-loops -fexcess-precision=fast  -Wno-array-bounds 
Boost version:      1.55.0 (internal)
CUDA compiler:      /usr/local/cuda/bin/nvcc nvcc: NVIDIA (R) Cuda compiler driver;Copyright (c) 2005-2016 NVIDIA Corporation;Built on Tue_Jan_10_13:22:03_CST_2017;Cuda compilation tools, release 8.0, V8.0.61
CUDA compiler flags:-gencode;arch=compute_20,code=sm_20;-gencode;arch=compute_30,code=sm_30;-gencode;arch=compute_35,code=sm_35;-gencode;arch=compute_37,code=sm_37;-gencode;arch=compute_50,code=sm_50;-gencode;arch=compute_52,code=sm_52;-gencode;arch=compute_60,code=sm_60;-gencode;arch=compute_61,code=sm_61;-gencode;arch=compute_60,code=compute_60;-gencode;arch=compute_61,code=compute_61;-use_fast_math;-D_FORCE_INLINES; ;-march=core-avx2;-Wextra;-Wno-missing-field-initializers;-Wpointer-arith;-Wall;-Wno-unused-function;-O3;-DNDEBUG;-funroll-all-loops;-fexcess-precision=fast;-Wno-array-bounds;
CUDA driver:        9.0
CUDA runtime:       8.0


Running on 1 node with total 4 cores, 8 logical cores, 1 compatible GPU
Hardware detected:
  CPU info:
    Vendor: GenuineIntel
    Brand:  Intel(R) Core(TM) i7-6700K CPU @ 4.00GHz
    Family:  6  model: 94  stepping:  3
    CPU features: aes apic avx avx2 clfsh cmov cx8 cx16 f16c fma htt lahf_lm mmx msr nonstop_tsc pcid pclmuldq pdcm pdpe1gb popcnt pse rdrnd rdtscp sse2 sse3 sse4.1 sse4.2 ssse3 tdt x2apic
    SIMD instructions most likely to fit this hardware: AVX2_256
    SIMD instructions selected at GROMACS compile time: AVX2_256
  GPU info:
    Number of GPUs detected: 1
    #0: NVIDIA GeForce GTX 750 Ti, compute cap.: 5.0, ECC:  no, stat: compatible


++++ PLEASE READ AND CITE THE FOLLOWING REFERENCE ++++
M. J. Abraham, T. Murtola, R. Schulz, S. Páll, J. C. Smith, B. Hess, E.
Lindahl
GROMACS: High performance molecular simulations through multi-level
parallelism from laptops to supercomputers
SoftwareX 1 (2015) pp. 19-25
-------- -------- --- Thank You --- -------- --------


++++ PLEASE READ AND CITE THE FOLLOWING REFERENCE ++++
S. Páll, M. J. Abraham, C. Kutzner, B. Hess, E. Lindahl
Tackling Exascale Software Challenges in Molecular Dynamics Simulations with
GROMACS
In S. Markidis & E. Laure (Eds.), Solving Software Challenges for Exascale 8759 (2015) pp. 3-27
-------- -------- --- Thank You --- -------- --------


++++ PLEASE READ AND CITE THE FOLLOWING REFERENCE ++++
S. Pronk, S. Páll, R. Schulz, P. Larsson, P. Bjelkmar, R. Apostolov, M. R.
Shirts, J. C. Smith, P. M. Kasson, D. van der Spoel, B. Hess, and E. Lindahl
GROMACS 4.5: a high-throughput and highly parallel open source molecular
simulation toolkit
Bioinformatics 29 (2013) pp. 845-54
-------- -------- --- Thank You --- -------- --------


++++ PLEASE READ AND CITE THE FOLLOWING REFERENCE ++++
B. Hess and C. Kutzner and D. van der Spoel and E. Lindahl
GROMACS 4: Algorithms for highly efficient, load-balanced, and scalable
molecular simulation
J. Chem. Theory Comput. 4 (2008) pp. 435-447
-------- -------- --- Thank You --- -------- --------


++++ PLEASE READ AND CITE THE FOLLOWING REFERENCE ++++
D. van der Spoel, E. Lindahl, B. Hess, G. Groenhof, A. E. Mark and H. J. C.
Berendsen
GROMACS: Fast, Flexible and Free
J. Comp. Chem. 26 (2005) pp. 1701-1719
-------- -------- --- Thank You --- -------- --------


++++ PLEASE READ AND CITE THE FOLLOWING REFERENCE ++++
E. Lindahl and B. Hess and D. van der Spoel
GROMACS 3.0: A package for molecular simulation and trajectory analysis
J. Mol. Mod. 7 (2001) pp. 306-317
-------- -------- --- Thank You --- -------- --------


++++ PLEASE READ AND CITE THE FOLLOWING REFERENCE ++++
H. J. C. Berendsen, D. van der Spoel and R. van Drunen
GROMACS: A message-passing parallel molecular dynamics implementation
Comp. Phys. Comm. 91 (1995) pp. 43-56
-------- -------- --- Thank You --- -------- --------


For optimal performance with a GPU nstlist (now 10) should be larger.
The optimum depends on your CPU and GPU resources.
You might want to try several nstlist values.
Changing nstlist from 10 to 40, rlist from 1.2 to 1.2

Input Parameters:
   integrator                     = md
   tinit                          = 0
   dt                             = 0.0005
   nsteps                         = 20000
   init-step                      = 0
   simulation-part                = 1
   comm-mode                      = Linear
   nstcomm                        = 100
   bd-fric                        = 0
   ld-seed                        = 2854141567
   emtol                          = 10
   emstep                         = 0.01
   niter                          = 20
   fcstep                         = 0
   nstcgsteep                     = 1000
   nbfgscorr                      = 10
   rtpi                           = 0.05
   nstxout                        = 5000
   nstvout                        = 500000
   nstfout                        = 0
   nstlog                         = 500000
   nstcalcenergy                  = 100
   nstenergy                      = 5000
   nstxout-compressed             = 5000
   compressed-x-precision         = 1000
   cutoff-scheme                  = Verlet
   nstlist                        = 40
   ns-type                        = Grid
   pbc                            = xyz
   periodic-molecules             = FALSE
   verlet-buffer-tolerance        = 0.005
   rlist                          = 1.2
   rlistlong                      = 1.2
   nstcalclr                      = 10
   coulombtype                    = PME
   coulomb-modifier               = Potential-shift
   rcoulomb-switch                = 0
   rcoulomb                       = 1.2
   epsilon-r                      = 1
   epsilon-rf                     = inf
   vdw-type                       = Cut-off
   vdw-modifier                   = Potential-shift
   rvdw-switch                    = 0
   rvdw                           = 1.2
   DispCorr                       = EnerPres
   table-extension                = 1
   fourierspacing                 = 0.12
   fourier-nx                     = 56
   fourier-ny                     = 56
   fourier-nz                     = 56
   pme-order                      = 4
   ewald-rtol                     = 1e-05
   ewald-rtol-lj                  = 0.001
   lj-pme-comb-rule               = Geometric
   ewald-geometry                 = 0
   epsilon-surface                = 0
   implicit-solvent               = No
   gb-algorithm                   = Still
   nstgbradii                     = 1
   rgbradii                       = 1
   gb-epsilon-solvent             = 80
   gb-saltconc                    = 0
   gb-obc-alpha                   = 1
   gb-obc-beta                    = 0.8
   gb-obc-gamma                   = 4.85
   gb-dielectric-offset           = 0.009
   sa-algorithm                   = Ace-approximation
   sa-surface-tension             = 2.05016
   tcoupl                         = V-rescale
   nsttcouple                     = 10
   nh-chain-length                = 0
   print-nose-hoover-chain-variables = FALSE
   pcoupl                         = Parrinello-Rahman
   pcoupltype                     = Isotropic
   nstpcouple                     = 10
   tau-p                          = 2
   compressibility (3x3):
      compressibility[    0]={ 4.50000e-05,  0.00000e+00,  0.00000e+00}
      compressibility[    1]={ 0.00000e+00,  4.50000e-05,  0.00000e+00}
      compressibility[    2]={ 0.00000e+00,  0.00000e+00,  4.50000e-05}
   ref-p (3x3):
      ref-p[    0]={ 1.00000e+00,  0.00000e+00,  0.00000e+00}
      ref-p[    1]={ 0.00000e+00,  1.00000e+00,  0.00000e+00}
      ref-p[    2]={ 0.00000e+00,  0.00000e+00,  1.00000e+00}
   refcoord-scaling               = No
   posres-com (3):
      posres-com[0]= 0.00000e+00
      posres-com[1]= 0.00000e+00
      posres-com[2]= 0.00000e+00
   posres-comB (3):
      posres-comB[0]= 0.00000e+00
      posres-comB[1]= 0.00000e+00
      posres-comB[2]= 0.00000e+00
   QMMM                           = FALSE
   QMconstraints                  = 0
   QMMMscheme                     = 0
   MMChargeScaleFactor            = 1
qm-opts:
   ngQM                           = 0
   constraint-algorithm           = Lincs
   continuation                   = TRUE
   Shake-SOR                      = FALSE
   shake-tol                      = 0.0001
   lincs-order                    = 4
   lincs-iter                     = 1
   lincs-warnangle                = 30
   nwall                          = 0
   wall-type                      = 9-3
   wall-r-linpot                  = -1
   wall-atomtype[0]               = -1
   wall-atomtype[1]               = -1
   wall-density[0]                = 0
   wall-density[1]                = 0
   wall-ewald-zfac                = 3
   pull                           = FALSE
   rotation                       = FALSE
   interactiveMD                  = FALSE
   disre                          = No
   disre-weighting                = Conservative
   disre-mixed                    = FALSE
   dr-fc                          = 1000
   dr-tau                         = 0
   nstdisreout                    = 100
   orire-fc                       = 0
   orire-tau                      = 0
   nstorireout                    = 100
   free-energy                    = no
   cos-acceleration               = 0
   deform (3x3):
      deform[    0]={ 0.00000e+00,  0.00000e+00,  0.00000e+00}
      deform[    1]={ 0.00000e+00,  0.00000e+00,  0.00000e+00}
      deform[    2]={ 0.00000e+00,  0.00000e+00,  0.00000e+00}
   simulated-tempering            = FALSE
   E-x:
      n = 0
   E-xt:
      n = 0
   E-y:
      n = 0
   E-yt:
      n = 0
   E-z:
      n = 0
   E-zt:
      n = 0
   swapcoords                     = no
   adress                         = FALSE
   userint1                       = 0
   userint2                       = 0
   userint3                       = 0
   userint4                       = 0
   userreal1                      = 0
   userreal2                      = 0
   userreal3                      = 0
   userreal4                      = 0
grpopts:
   nrdf:       50709
   ref-t:      298.15
   tau-t:         0.1
annealing:          No
annealing-npoints:           0
   acc:	           0           0           0
   nfreeze:           N           N           N
   energygrp-flags[  0]: 0

Using 1 MPI thread
Using 8 OpenMP threads 

1 compatible GPU is present, with ID 0
1 GPU auto-selected for this run.
Mapping of GPU ID to the 1 PP rank in this node: 0

Will do PME sum in reciprocal space for electrostatic interactions.

++++ PLEASE READ AND CITE THE FOLLOWING REFERENCE ++++
U. Essmann, L. Perera, M. L. Berkowitz, T. Darden, H. Lee and L. G. Pedersen 
A smooth particle mesh Ewald method
J. Chem. Phys. 103 (1995) pp. 8577-8592
-------- -------- --- Thank You --- -------- --------

Will do ordinary reciprocal space Ewald sum.
Using a Gaussian width (1/beta) of 0.384195 nm for Ewald
Cut-off's:   NS: 1.2   Coulomb: 1.2   LJ: 1.2
Long Range LJ corr.: <C6> 3.4093e-04
System total charge: 0.000
Generated table with 1100 data points for Ewald.
Tabscale = 500 points/nm
Generated table with 1100 data points for LJ6.
Tabscale = 500 points/nm
Generated table with 1100 data points for LJ12.
Tabscale = 500 points/nm
Potential shift: LJ r^-12: -1.122e-01 r^-6: -3.349e-01, Ewald -1.000e-05
Initialized non-bonded Ewald correction tables, spacing: 1.02e-03 size: 1176


Using GPU 8x8 non-bonded kernels

Pinning threads with an auto-selected logical core stride of 1

++++ PLEASE READ AND CITE THE FOLLOWING REFERENCE ++++
S. Miyamoto and P. A. Kollman
SETTLE: An Analytical Version of the SHAKE and RATTLE Algorithms for Rigid
Water Models
J. Comp. Chem. 13 (1992) pp. 952-962
-------- -------- --- Thank You --- -------- --------

Center of mass motion removal mode is Linear
We have the following groups for center of mass motion removal:
  0:  rest

++++ PLEASE READ AND CITE THE FOLLOWING REFERENCE ++++
G. Bussi, D. Donadio and M. Parrinello
Canonical sampling through velocity rescaling
J. Chem. Phys. 126 (2007) pp. 014101
-------- -------- --- Thank You --- -------- --------

There are: 24890 Atoms
Initial temperature: 0 K

PLUMED: PLUMED is starting
PLUMED: Version: 2.4.2 (git: Unknown) compiled on Jul 12 2018 at 14:47:33
PLUMED: Please cite this paper when using PLUMED [1]
PLUMED: For further information see the PLUMED web page at http://www.plumed.org
PLUMED: Root: /usr/local/lib/plumed
PLUMED: For installed feature, see /usr/local/lib/plumed/src/config/config.txt
PLUMED: Molecular dynamics engine: gromacs
PLUMED: Precision of reals: 4
PLUMED: Running over 1 node
PLUMED: Number of threads: 1
PLUMED: Cache line size: 512
PLUMED: Number of atoms: 24890
PLUMED: File suffix: 
PLUMED: FILE: plumed_dock.dat
PLUMED: Action COM
PLUMED:   with label DEND
PLUMED:   serial associated to this virtual atom is 24891
PLUMED:   of atoms
PLUMED:  1 2 3 4 5 6 7 8 9 10 11 12 13 14 15 16 17 18 19 20 21 22 23 24 25
PLUMED:  26 27 28 29 30 31 32 33 34 35 36 37 38 39 40 41 42 43 44 45 46 47 48 49 50
PLUMED:  51 52 53 54 55 56 57 58 59 60 61 62 63 64 65 66 67 68 69 70 71 72 73 74 75
PLUMED:  76 77 78 79 80 81 82 83 84 85 86 87 88 89 90 91 92 93 94 95 96 97 98 99 100
PLUMED:  101 102 103 104 105 106 107 108 109 110 111 112 113 114 115 116 117 118 119 120 121 122 123 124 125
PLUMED:  126 127 128 129 130 131 132 133 134 135 136 137 138 139 140 141 142 143 144 145 146 147 148 149 150
PLUMED:  151 152 153 154 155 156 157 158 159 160 161 162 163 164 165 166 167 168 169 170 171 172 173 174 175
PLUMED:  176 177 178 179 180 181 182 183 184 185 186 187 188 189 190 191 192 193 194 195 196 197 198 199 200
PLUMED:  201 202 203 204 205 206 207 208 209 210 211 212 213 214 215 216 217 218 219 220 221 222 223 224 225
PLUMED:  226 227 228 229 230 231 232 233 234 235 236 237 238 239 240 241 242 243 244 245 246 247 248 249 250
PLUMED:  251 252 253 254 255 256 257 258 259 260 261 262 263 264 265 266 267 268 269 270 271 272 273 274 275
PLUMED:  276 277 278 279 280 281 282 283 284 285 286 287 288 289 290 291 292 293 294 295 296 297 298 299 300
PLUMED:  301 302 303 304 305 306 307 308 309 310 311 312 313 314 315 316 317 318 319 320 321 322 323 324 325
PLUMED:  326 327 328 329 330 331 332 333 334 335 336 337 338 339 340 341 342 343 344 345 346 347 348 349 350
PLUMED:  351 352 353 354 355 356 357 358 359 360 361 362 363 364 365 366 367 368 369 370 371 372 373 374 375
PLUMED:  376 377 378 379 380 381 382 383 384 385 386 387 388 389 390 391 392 393 394 395 396 397 398 399 400
PLUMED:  401 402 403 404 405 406 407 408 409 410 411 412 413 414 415 416 417 418 419 420 421 422 423 424 425
PLUMED:  426 427 428 429 430 431 432 433 434 435 436 437 438 439 440 441 442 443 444 445 446 447 448 449 450
PLUMED:  451 452 453 454 455 456 457 458 459 460 461 462 463 464 465 466 467 468 469 470 471 472 473 474 475
PLUMED:  476 477 478 479 480 481 482 483 484 485 486 487 488 489 490 491 492 493 494 495 496 497 498 499 500
PLUMED:  501 502 503 504 505 506 507 508 509 510 511 512 513 514 515 516 517 518 519 520 521 522 523 524 525
PLUMED:  526 527 528 529 530 531 532 533 534 535 536 537 538 539 540 541 542 543 544 545 546 547 548 549 550
PLUMED:  551 552 553 554 555 556 557 558 559 560 561 562 563 564 565 566 567 568 569 570 571 572 573 574 575
PLUMED:  576 577 578 579 580 581 582 583 584 585 586 587 588 589 590 591 592 593 594 595 596 597 598 599 600
PLUMED:  601 602 603 604 605 606 607 608 609 610 611 612 613 614 615 616 617 618 619 620 621 622 623 624 625
PLUMED:  626 627 628 629 630 631 632 633 634 635 636 637 638 639 640 641 642 643 644 645 646 647 648 649 650
PLUMED:  651 652 653 654 655 656 657 658 659 660 661 662 663 664 665 666 667 668 669 670
PLUMED:   broken molecules will be rebuilt assuming atoms are in the proper order
PLUMED: Action COM
PLUMED:   with label ETOH_1
PLUMED:   serial associated to this virtual atom is 24892
PLUMED:   of atoms
PLUMED:  671 672 673 674
PLUMED:   broken molecules will be rebuilt assuming atoms are in the proper order
PLUMED: Action COM
PLUMED:   with label ETOH_2
PLUMED:   serial associated to this virtual atom is 24893
PLUMED:   of atoms
PLUMED:  675 676 677 678
PLUMED:   broken molecules will be rebuilt assuming atoms are in the proper order
PLUMED: Action COM
PLUMED:   with label ETOH_3
PLUMED:   serial associated to this virtual atom is 24894
PLUMED:   of atoms
PLUMED:  679 680 681 682
PLUMED:   broken molecules will be rebuilt assuming atoms are in the proper order
PLUMED: Action COM
PLUMED:   with label ETOH_4
PLUMED:   serial associated to this virtual atom is 24895
PLUMED:   of atoms
PLUMED:  683 684 685 686
PLUMED:   broken molecules will be rebuilt assuming atoms are in the proper order
PLUMED: Action COM
PLUMED:   with label ETOH_5
PLUMED:   serial associated to this virtual atom is 24896
PLUMED:   of atoms
PLUMED:  687 688 689 690
PLUMED:   broken molecules will be rebuilt assuming atoms are in the proper order
PLUMED: Action COM
PLUMED:   with label ETOH_6
PLUMED:   serial associated to this virtual atom is 24897
PLUMED:   of atoms
PLUMED:  691 692 693 694
PLUMED:   broken molecules will be rebuilt assuming atoms are in the proper order
PLUMED: Action COM
PLUMED:   with label ETOH_7
PLUMED:   serial associated to this virtual atom is 24898
PLUMED:   of atoms
PLUMED:  695 696 697 698
PLUMED:   broken molecules will be rebuilt assuming atoms are in the proper order
PLUMED: Action COM
PLUMED:   with label ETOH_8
PLUMED:   serial associated to this virtual atom is 24899
PLUMED:   of atoms
PLUMED:  699 700 701 702
PLUMED:   broken molecules will be rebuilt assuming atoms are in the proper order
PLUMED: Action COM
PLUMED:   with label ETOH_9
PLUMED:   serial associated to this virtual atom is 24900
PLUMED:   of atoms
PLUMED:  703 704 705 706
PLUMED:   broken molecules will be rebuilt assuming atoms are in the proper order
PLUMED: Action COM
PLUMED:   with label ETOH_10
PLUMED:   serial associated to this virtual atom is 24901
PLUMED:   of atoms
PLUMED:  707 708 709 710
PLUMED:   broken molecules will be rebuilt assuming atoms are in the proper order
PLUMED: Action COM
PLUMED:   with label ETOH_11
PLUMED:   serial associated to this virtual atom is 24902
PLUMED:   of atoms
PLUMED:  711 712 713 714
PLUMED:   broken molecules will be rebuilt assuming atoms are in the proper order
PLUMED: Action COM
PLUMED:   with label ETOH_12
PLUMED:   serial associated to this virtual atom is 24903
PLUMED:   of atoms
PLUMED:  715 716 717 718
PLUMED:   broken molecules will be rebuilt assuming atoms are in the proper order
PLUMED: Action COM
PLUMED:   with label ETOH_13
PLUMED:   serial associated to this virtual atom is 24904
PLUMED:   of atoms
PLUMED:  719 720 721 722
PLUMED:   broken molecules will be rebuilt assuming atoms are in the proper order
PLUMED: Action COM
PLUMED:   with label ETOH_14
PLUMED:   serial associated to this virtual atom is 24905
PLUMED:   of atoms
PLUMED:  723 724 725 726
PLUMED:   broken molecules will be rebuilt assuming atoms are in the proper order
PLUMED: Action COM
PLUMED:   with label ETOH_15
PLUMED:   serial associated to this virtual atom is 24906
PLUMED:   of atoms
PLUMED:  727 728 729 730
PLUMED:   broken molecules will be rebuilt assuming atoms are in the proper order
PLUMED: Action COM
PLUMED:   with label ETOH_16
PLUMED:   serial associated to this virtual atom is 24907
PLUMED:   of atoms
PLUMED:  731 732 733 734
PLUMED:   broken molecules will be rebuilt assuming atoms are in the proper order
PLUMED: Action COM
PLUMED:   with label ETOH_17
PLUMED:   serial associated to this virtual atom is 24908
PLUMED:   of atoms
PLUMED:  735 736 737 738
PLUMED:   broken molecules will be rebuilt assuming atoms are in the proper order
PLUMED: Action COM
PLUMED:   with label ETOH_18
PLUMED:   serial associated to this virtual atom is 24909
PLUMED:   of atoms
PLUMED:  739 740 741 742
PLUMED:   broken molecules will be rebuilt assuming atoms are in the proper order
PLUMED: Action COM
PLUMED:   with label ETOH_19
PLUMED:   serial associated to this virtual atom is 24910
PLUMED:   of atoms
PLUMED:  743 744 745 746
PLUMED:   broken molecules will be rebuilt assuming atoms are in the proper order
PLUMED: Action COM
PLUMED:   with label ETOH_20
PLUMED:   serial associated to this virtual atom is 24911
PLUMED:   of atoms
PLUMED:  747 748 749 750
PLUMED:   broken molecules will be rebuilt assuming atoms are in the proper order
PLUMED: Action COM
PLUMED:   with label ETOH_21
PLUMED:   serial associated to this virtual atom is 24912
PLUMED:   of atoms
PLUMED:  751 752 753 754
PLUMED:   broken molecules will be rebuilt assuming atoms are in the proper order
PLUMED: Action COM
PLUMED:   with label ETOH_22
PLUMED:   serial associated to this virtual atom is 24913
PLUMED:   of atoms
PLUMED:  755 756 757 758
PLUMED:   broken molecules will be rebuilt assuming atoms are in the proper order
PLUMED: Action COM
PLUMED:   with label ETOH_23
PLUMED:   serial associated to this virtual atom is 24914
PLUMED:   of atoms
PLUMED:  759 760 761 762
PLUMED:   broken molecules will be rebuilt assuming atoms are in the proper order
PLUMED: Action COM
PLUMED:   with label ETOH_24
PLUMED:   serial associated to this virtual atom is 24915
PLUMED:   of atoms
PLUMED:  763 764 765 766
PLUMED:   broken molecules will be rebuilt assuming atoms are in the proper order
PLUMED: Action COM
PLUMED:   with label ETOH_25
PLUMED:   serial associated to this virtual atom is 24916
PLUMED:   of atoms
PLUMED:  767 768 769 770
PLUMED:   broken molecules will be rebuilt assuming atoms are in the proper order
PLUMED: Action COM
PLUMED:   with label ETOH_26
PLUMED:   serial associated to this virtual atom is 24917
PLUMED:   of atoms
PLUMED:  771 772 773 774
PLUMED:   broken molecules will be rebuilt assuming atoms are in the proper order
PLUMED: Action COM
PLUMED:   with label ETOH_27
PLUMED:   serial associated to this virtual atom is 24918
PLUMED:   of atoms
PLUMED:  775 776 777 778
PLUMED:   broken molecules will be rebuilt assuming atoms are in the proper order
PLUMED: Action COM
PLUMED:   with label ETOH_28
PLUMED:   serial associated to this virtual atom is 24919
PLUMED:   of atoms
PLUMED:  779 780 781 782
PLUMED:   broken molecules will be rebuilt assuming atoms are in the proper order
PLUMED: Action COM
PLUMED:   with label ETOH_29
PLUMED:   serial associated to this virtual atom is 24920
PLUMED:   of atoms
PLUMED:  783 784 785 786
PLUMED:   broken molecules will be rebuilt assuming atoms are in the proper order
PLUMED: Action COM
PLUMED:   with label ETOH_30
PLUMED:   serial associated to this virtual atom is 24921
PLUMED:   of atoms
PLUMED:  787 788 789 790
PLUMED:   broken molecules will be rebuilt assuming atoms are in the proper order
PLUMED: Action COM
PLUMED:   with label ETOH_31
PLUMED:   serial associated to this virtual atom is 24922
PLUMED:   of atoms
PLUMED:  791 792 793 794
PLUMED:   broken molecules will be rebuilt assuming atoms are in the proper order
PLUMED: Action COM
PLUMED:   with label ETOH_32
PLUMED:   serial associated to this virtual atom is 24923
PLUMED:   of atoms
PLUMED:  795 796 797 798
PLUMED:   broken molecules will be rebuilt assuming atoms are in the proper order
PLUMED: Action COM
PLUMED:   with label ETOH_33
PLUMED:   serial associated to this virtual atom is 24924
PLUMED:   of atoms
PLUMED:  799 800 801 802
PLUMED:   broken molecules will be rebuilt assuming atoms are in the proper order
PLUMED: Action COM
PLUMED:   with label ETOH_34
PLUMED:   serial associated to this virtual atom is 24925
PLUMED:   of atoms
PLUMED:  803 804 805 806
PLUMED:   broken molecules will be rebuilt assuming atoms are in the proper order
PLUMED: Action COM
PLUMED:   with label ETOH_35
PLUMED:   serial associated to this virtual atom is 24926
PLUMED:   of atoms
PLUMED:  807 808 809 810
PLUMED:   broken molecules will be rebuilt assuming atoms are in the proper order
PLUMED: Action COM
PLUMED:   with label ETOH_36
PLUMED:   serial associated to this virtual atom is 24927
PLUMED:   of atoms
PLUMED:  811 812 813 814
PLUMED:   broken molecules will be rebuilt assuming atoms are in the proper order
PLUMED: Action COM
PLUMED:   with label ETOH_37
PLUMED:   serial associated to this virtual atom is 24928
PLUMED:   of atoms
PLUMED:  815 816 817 818
PLUMED:   broken molecules will be rebuilt assuming atoms are in the proper order
PLUMED: Action COM
PLUMED:   with label ETOH_38
PLUMED:   serial associated to this virtual atom is 24929
PLUMED:   of atoms
PLUMED:  819 820 821 822
PLUMED:   broken molecules will be rebuilt assuming atoms are in the proper order
PLUMED: Action COM
PLUMED:   with label ETOH_39
PLUMED:   serial associated to this virtual atom is 24930
PLUMED:   of atoms
PLUMED:  823 824 825 826
PLUMED:   broken molecules will be rebuilt assuming atoms are in the proper order
PLUMED: Action COM
PLUMED:   with label ETOH_40
PLUMED:   serial associated to this virtual atom is 24931
PLUMED:   of atoms
PLUMED:  827 828 829 830
PLUMED:   broken molecules will be rebuilt assuming atoms are in the proper order
PLUMED: Action COM
PLUMED:   with label ETOH_41
PLUMED:   serial associated to this virtual atom is 24932
PLUMED:   of atoms
PLUMED:  831 832 833 834
PLUMED:   broken molecules will be rebuilt assuming atoms are in the proper order
PLUMED: Action COM
PLUMED:   with label ETOH_42
PLUMED:   serial associated to this virtual atom is 24933
PLUMED:   of atoms
PLUMED:  835 836 837 838
PLUMED:   broken molecules will be rebuilt assuming atoms are in the proper order
PLUMED: Action COM
PLUMED:   with label ETOH_43
PLUMED:   serial associated to this virtual atom is 24934
PLUMED:   of atoms
PLUMED:  839 840 841 842
PLUMED:   broken molecules will be rebuilt assuming atoms are in the proper order
PLUMED: Action COM
PLUMED:   with label ETOH_44
PLUMED:   serial associated to this virtual atom is 24935
PLUMED:   of atoms
PLUMED:  843 844 845 846
PLUMED:   broken molecules will be rebuilt assuming atoms are in the proper order
PLUMED: Action COM
PLUMED:   with label ETOH_45
PLUMED:   serial associated to this virtual atom is 24936
PLUMED:   of atoms
PLUMED:  847 848 849 850
PLUMED:   broken molecules will be rebuilt assuming atoms are in the proper order
PLUMED: Action COM
PLUMED:   with label ETOH_46
PLUMED:   serial associated to this virtual atom is 24937
PLUMED:   of atoms
PLUMED:  851 852 853 854
PLUMED:   broken molecules will be rebuilt assuming atoms are in the proper order
PLUMED: Action COM
PLUMED:   with label ETOH_47
PLUMED:   serial associated to this virtual atom is 24938
PLUMED:   of atoms
PLUMED:  855 856 857 858
PLUMED:   broken molecules will be rebuilt assuming atoms are in the proper order
PLUMED: Action COM
PLUMED:   with label ETOH_48
PLUMED:   serial associated to this virtual atom is 24939
PLUMED:   of atoms
PLUMED:  859 860 861 862
PLUMED:   broken molecules will be rebuilt assuming atoms are in the proper order
PLUMED: Action COM
PLUMED:   with label ETOH_49
PLUMED:   serial associated to this virtual atom is 24940
PLUMED:   of atoms
PLUMED:  863 864 865 866
PLUMED:   broken molecules will be rebuilt assuming atoms are in the proper order
PLUMED: Action COM
PLUMED:   with label ETOH_50
PLUMED:   serial associated to this virtual atom is 24941
PLUMED:   of atoms
PLUMED:  867 868 869 870
PLUMED:   broken molecules will be rebuilt assuming atoms are in the proper order
PLUMED: Action DISTANCE
PLUMED:   with label d_1
PLUMED:   between atoms 24891 24892
PLUMED:   using periodic boundary conditions
PLUMED: Action DISTANCE
PLUMED:   with label d_2
PLUMED:   between atoms 24891 24893
PLUMED:   using periodic boundary conditions
PLUMED: Action DISTANCE
PLUMED:   with label d_3
PLUMED:   between atoms 24891 24894
PLUMED:   using periodic boundary conditions
PLUMED: Action DISTANCE
PLUMED:   with label d_4
PLUMED:   between atoms 24891 24895
PLUMED:   using periodic boundary conditions
PLUMED: Action DISTANCE
PLUMED:   with label d_5
PLUMED:   between atoms 24891 24896
PLUMED:   using periodic boundary conditions
PLUMED: Action DISTANCE
PLUMED:   with label d_6
PLUMED:   between atoms 24891 24897
PLUMED:   using periodic boundary conditions
PLUMED: Action DISTANCE
PLUMED:   with label d_7
PLUMED:   between atoms 24891 24898
PLUMED:   using periodic boundary conditions
PLUMED: Action DISTANCE
PLUMED:   with label d_8
PLUMED:   between atoms 24891 24899
PLUMED:   using periodic boundary conditions
PLUMED: Action DISTANCE
PLUMED:   with label d_9
PLUMED:   between atoms 24891 24900
PLUMED:   using periodic boundary conditions
PLUMED: Action DISTANCE
PLUMED:   with label d_10
PLUMED:   between atoms 24891 24901
PLUMED:   using periodic boundary conditions
PLUMED: Action DISTANCE
PLUMED:   with label d_11
PLUMED:   between atoms 24891 24902
PLUMED:   using periodic boundary conditions
PLUMED: Action DISTANCE
PLUMED:   with label d_12
PLUMED:   between atoms 24891 24903
PLUMED:   using periodic boundary conditions
PLUMED: Action DISTANCE
PLUMED:   with label d_13
PLUMED:   between atoms 24891 24904
PLUMED:   using periodic boundary conditions
PLUMED: Action DISTANCE
PLUMED:   with label d_14
PLUMED:   between atoms 24891 24905
PLUMED:   using periodic boundary conditions
PLUMED: Action DISTANCE
PLUMED:   with label d_15
PLUMED:   between atoms 24891 24906
PLUMED:   using periodic boundary conditions
PLUMED: Action DISTANCE
PLUMED:   with label d_16
PLUMED:   between atoms 24891 24907
PLUMED:   using periodic boundary conditions
PLUMED: Action DISTANCE
PLUMED:   with label d_17
PLUMED:   between atoms 24891 24908
PLUMED:   using periodic boundary conditions
PLUMED: Action DISTANCE
PLUMED:   with label d_18
PLUMED:   between atoms 24891 24909
PLUMED:   using periodic boundary conditions
PLUMED: Action DISTANCE
PLUMED:   with label d_19
PLUMED:   between atoms 24891 24910
PLUMED:   using periodic boundary conditions
PLUMED: Action DISTANCE
PLUMED:   with label d_20
PLUMED:   between atoms 24891 24911
PLUMED:   using periodic boundary conditions
PLUMED: Action DISTANCE
PLUMED:   with label d_21
PLUMED:   between atoms 24891 24912
PLUMED:   using periodic boundary conditions
PLUMED: Action DISTANCE
PLUMED:   with label d_22
PLUMED:   between atoms 24891 24913
PLUMED:   using periodic boundary conditions
PLUMED: Action DISTANCE
PLUMED:   with label d_23
PLUMED:   between atoms 24891 24914
PLUMED:   using periodic boundary conditions
PLUMED: Action DISTANCE
PLUMED:   with label d_24
PLUMED:   between atoms 24891 24915
PLUMED:   using periodic boundary conditions
PLUMED: Action DISTANCE
PLUMED:   with label d_25
PLUMED:   between atoms 24891 24916
PLUMED:   using periodic boundary conditions
PLUMED: Action DISTANCE
PLUMED:   with label d_26
PLUMED:   between atoms 24891 24917
PLUMED:   using periodic boundary conditions
PLUMED: Action DISTANCE
PLUMED:   with label d_27
PLUMED:   between atoms 24891 24918
PLUMED:   using periodic boundary conditions
PLUMED: Action DISTANCE
PLUMED:   with label d_28
PLUMED:   between atoms 24891 24919
PLUMED:   using periodic boundary conditions
PLUMED: Action DISTANCE
PLUMED:   with label d_29
PLUMED:   between atoms 24891 24920
PLUMED:   using periodic boundary conditions
PLUMED: Action DISTANCE
PLUMED:   with label d_30
PLUMED:   between atoms 24891 24921
PLUMED:   using periodic boundary conditions
PLUMED: Action DISTANCE
PLUMED:   with label d_31
PLUMED:   between atoms 24891 24922
PLUMED:   using periodic boundary conditions
PLUMED: Action DISTANCE
PLUMED:   with label d_32
PLUMED:   between atoms 24891 24923
PLUMED:   using periodic boundary conditions
PLUMED: Action DISTANCE
PLUMED:   with label d_33
PLUMED:   between atoms 24891 24924
PLUMED:   using periodic boundary conditions
PLUMED: Action DISTANCE
PLUMED:   with label d_34
PLUMED:   between atoms 24891 24925
PLUMED:   using periodic boundary conditions
PLUMED: Action DISTANCE
PLUMED:   with label d_35
PLUMED:   between atoms 24891 24926
PLUMED:   using periodic boundary conditions
PLUMED: Action DISTANCE
PLUMED:   with label d_36
PLUMED:   between atoms 24891 24927
PLUMED:   using periodic boundary conditions
PLUMED: Action DISTANCE
PLUMED:   with label d_37
PLUMED:   between atoms 24891 24928
PLUMED:   using periodic boundary conditions
PLUMED: Action DISTANCE
PLUMED:   with label d_38
PLUMED:   between atoms 24891 24929
PLUMED:   using periodic boundary conditions
PLUMED: Action DISTANCE
PLUMED:   with label d_39
PLUMED:   between atoms 24891 24930
PLUMED:   using periodic boundary conditions
PLUMED: Action DISTANCE
PLUMED:   with label d_40
PLUMED:   between atoms 24891 24931
PLUMED:   using periodic boundary conditions
PLUMED: Action DISTANCE
PLUMED:   with label d_41
PLUMED:   between atoms 24891 24932
PLUMED:   using periodic boundary conditions
PLUMED: Action DISTANCE
PLUMED:   with label d_42
PLUMED:   between atoms 24891 24933
PLUMED:   using periodic boundary conditions
PLUMED: Action DISTANCE
PLUMED:   with label d_43
PLUMED:   between atoms 24891 24934
PLUMED:   using periodic boundary conditions
PLUMED: Action DISTANCE
PLUMED:   with label d_44
PLUMED:   between atoms 24891 24935
PLUMED:   using periodic boundary conditions
PLUMED: Action DISTANCE
PLUMED:   with label d_45
PLUMED:   between atoms 24891 24936
PLUMED:   using periodic boundary conditions
PLUMED: Action DISTANCE
PLUMED:   with label d_46
PLUMED:   between atoms 24891 24937
PLUMED:   using periodic boundary conditions
PLUMED: Action DISTANCE
PLUMED:   with label d_47
PLUMED:   between atoms 24891 24938
PLUMED:   using periodic boundary conditions
PLUMED: Action DISTANCE
PLUMED:   with label d_48
PLUMED:   between atoms 24891 24939
PLUMED:   using periodic boundary conditions
PLUMED: Action DISTANCE
PLUMED:   with label d_49
PLUMED:   between atoms 24891 24940
PLUMED:   using periodic boundary conditions
PLUMED: Action DISTANCE
PLUMED:   with label d_50
PLUMED:   between atoms 24891 24941
PLUMED:   using periodic boundary conditions
PLUMED: Action RESTRAINT
PLUMED:   with label rest_1
PLUMED:   with arguments d_1
PLUMED:   added component to this action:  rest_1.bias 
PLUMED:   at 0.250000
PLUMED:   with harmonic force constant 100.000000
PLUMED:   and linear force constant 0.000000
PLUMED:   added component to this action:  rest_1.force2 
PLUMED: Action RESTRAINT
PLUMED:   with label rest_2
PLUMED:   with arguments d_2
PLUMED:   added component to this action:  rest_2.bias 
PLUMED:   at 0.250000
PLUMED:   with harmonic force constant 100.000000
PLUMED:   and linear force constant 0.000000
PLUMED:   added component to this action:  rest_2.force2 
PLUMED: Action RESTRAINT
PLUMED:   with label rest_3
PLUMED:   with arguments d_3
PLUMED:   added component to this action:  rest_3.bias 
PLUMED:   at 0.250000
PLUMED:   with harmonic force constant 100.000000
PLUMED:   and linear force constant 0.000000
PLUMED:   added component to this action:  rest_3.force2 
PLUMED: Action RESTRAINT
PLUMED:   with label rest_4
PLUMED:   with arguments d_4
PLUMED:   added component to this action:  rest_4.bias 
PLUMED:   at 0.250000
PLUMED:   with harmonic force constant 100.000000
PLUMED:   and linear force constant 0.000000
PLUMED:   added component to this action:  rest_4.force2 
PLUMED: Action RESTRAINT
PLUMED:   with label rest_5
PLUMED:   with arguments d_5
PLUMED:   added component to this action:  rest_5.bias 
PLUMED:   at 0.250000
PLUMED:   with harmonic force constant 100.000000
PLUMED:   and linear force constant 0.000000
PLUMED:   added component to this action:  rest_5.force2 
PLUMED: Action RESTRAINT
PLUMED:   with label rest_6
PLUMED:   with arguments d_6
PLUMED:   added component to this action:  rest_6.bias 
PLUMED:   at 0.250000
PLUMED:   with harmonic force constant 100.000000
PLUMED:   and linear force constant 0.000000
PLUMED:   added component to this action:  rest_6.force2 
PLUMED: Action RESTRAINT
PLUMED:   with label rest_7
PLUMED:   with arguments d_7
PLUMED:   added component to this action:  rest_7.bias 
PLUMED:   at 0.250000
PLUMED:   with harmonic force constant 100.000000
PLUMED:   and linear force constant 0.000000
PLUMED:   added component to this action:  rest_7.force2 
PLUMED: Action RESTRAINT
PLUMED:   with label rest_8
PLUMED:   with arguments d_8
PLUMED:   added component to this action:  rest_8.bias 
PLUMED:   at 0.250000
PLUMED:   with harmonic force constant 100.000000
PLUMED:   and linear force constant 0.000000
PLUMED:   added component to this action:  rest_8.force2 
PLUMED: Action RESTRAINT
PLUMED:   with label rest_9
PLUMED:   with arguments d_9
PLUMED:   added component to this action:  rest_9.bias 
PLUMED:   at 0.250000
PLUMED:   with harmonic force constant 100.000000
PLUMED:   and linear force constant 0.000000
PLUMED:   added component to this action:  rest_9.force2 
PLUMED: Action RESTRAINT
PLUMED:   with label rest_10
PLUMED:   with arguments d_10
PLUMED:   added component to this action:  rest_10.bias 
PLUMED:   at 0.250000
PLUMED:   with harmonic force constant 100.000000
PLUMED:   and linear force constant 0.000000
PLUMED:   added component to this action:  rest_10.force2 
PLUMED: Action RESTRAINT
PLUMED:   with label rest_11
PLUMED:   with arguments d_11
PLUMED:   added component to this action:  rest_11.bias 
PLUMED:   at 0.250000
PLUMED:   with harmonic force constant 100.000000
PLUMED:   and linear force constant 0.000000
PLUMED:   added component to this action:  rest_11.force2 
PLUMED: Action RESTRAINT
PLUMED:   with label rest_12
PLUMED:   with arguments d_12
PLUMED:   added component to this action:  rest_12.bias 
PLUMED:   at 0.250000
PLUMED:   with harmonic force constant 100.000000
PLUMED:   and linear force constant 0.000000
PLUMED:   added component to this action:  rest_12.force2 
PLUMED: Action RESTRAINT
PLUMED:   with label rest_13
PLUMED:   with arguments d_13
PLUMED:   added component to this action:  rest_13.bias 
PLUMED:   at 0.250000
PLUMED:   with harmonic force constant 100.000000
PLUMED:   and linear force constant 0.000000
PLUMED:   added component to this action:  rest_13.force2 
PLUMED: Action RESTRAINT
PLUMED:   with label rest_14
PLUMED:   with arguments d_14
PLUMED:   added component to this action:  rest_14.bias 
PLUMED:   at 0.250000
PLUMED:   with harmonic force constant 100.000000
PLUMED:   and linear force constant 0.000000
PLUMED:   added component to this action:  rest_14.force2 
PLUMED: Action RESTRAINT
PLUMED:   with label rest_15
PLUMED:   with arguments d_15
PLUMED:   added component to this action:  rest_15.bias 
PLUMED:   at 0.250000
PLUMED:   with harmonic force constant 100.000000
PLUMED:   and linear force constant 0.000000
PLUMED:   added component to this action:  rest_15.force2 
PLUMED: Action RESTRAINT
PLUMED:   with label rest_16
PLUMED:   with arguments d_16
PLUMED:   added component to this action:  rest_16.bias 
PLUMED:   at 0.250000
PLUMED:   with harmonic force constant 100.000000
PLUMED:   and linear force constant 0.000000
PLUMED:   added component to this action:  rest_16.force2 
PLUMED: Action RESTRAINT
PLUMED:   with label rest_17
PLUMED:   with arguments d_17
PLUMED:   added component to this action:  rest_17.bias 
PLUMED:   at 0.250000
PLUMED:   with harmonic force constant 100.000000
PLUMED:   and linear force constant 0.000000
PLUMED:   added component to this action:  rest_17.force2 
PLUMED: Action RESTRAINT
PLUMED:   with label rest_18
PLUMED:   with arguments d_18
PLUMED:   added component to this action:  rest_18.bias 
PLUMED:   at 0.250000
PLUMED:   with harmonic force constant 100.000000
PLUMED:   and linear force constant 0.000000
PLUMED:   added component to this action:  rest_18.force2 
PLUMED: Action RESTRAINT
PLUMED:   with label rest_19
PLUMED:   with arguments d_19
PLUMED:   added component to this action:  rest_19.bias 
PLUMED:   at 0.250000
PLUMED:   with harmonic force constant 100.000000
PLUMED:   and linear force constant 0.000000
PLUMED:   added component to this action:  rest_19.force2 
PLUMED: Action RESTRAINT
PLUMED:   with label rest_20
PLUMED:   with arguments d_20
PLUMED:   added component to this action:  rest_20.bias 
PLUMED:   at 0.250000
PLUMED:   with harmonic force constant 100.000000
PLUMED:   and linear force constant 0.000000
PLUMED:   added component to this action:  rest_20.force2 
PLUMED: Action RESTRAINT
PLUMED:   with label rest_21
PLUMED:   with arguments d_21
PLUMED:   added component to this action:  rest_21.bias 
PLUMED:   at 0.250000
PLUMED:   with harmonic force constant 100.000000
PLUMED:   and linear force constant 0.000000
PLUMED:   added component to this action:  rest_21.force2 
PLUMED: Action RESTRAINT
PLUMED:   with label rest_22
PLUMED:   with arguments d_22
PLUMED:   added component to this action:  rest_22.bias 
PLUMED:   at 0.250000
PLUMED:   with harmonic force constant 100.000000
PLUMED:   and linear force constant 0.000000
PLUMED:   added component to this action:  rest_22.force2 
PLUMED: Action RESTRAINT
PLUMED:   with label rest_23
PLUMED:   with arguments d_23
PLUMED:   added component to this action:  rest_23.bias 
PLUMED:   at 0.250000
PLUMED:   with harmonic force constant 100.000000
PLUMED:   and linear force constant 0.000000
PLUMED:   added component to this action:  rest_23.force2 
PLUMED: Action RESTRAINT
PLUMED:   with label rest_24
PLUMED:   with arguments d_24
PLUMED:   added component to this action:  rest_24.bias 
PLUMED:   at 0.250000
PLUMED:   with harmonic force constant 100.000000
PLUMED:   and linear force constant 0.000000
PLUMED:   added component to this action:  rest_24.force2 
PLUMED: Action RESTRAINT
PLUMED:   with label rest_25
PLUMED:   with arguments d_25
PLUMED:   added component to this action:  rest_25.bias 
PLUMED:   at 0.250000
PLUMED:   with harmonic force constant 100.000000
PLUMED:   and linear force constant 0.000000
PLUMED:   added component to this action:  rest_25.force2 
PLUMED: Action RESTRAINT
PLUMED:   with label rest_26
PLUMED:   with arguments d_26
PLUMED:   added component to this action:  rest_26.bias 
PLUMED:   at 0.250000
PLUMED:   with harmonic force constant 100.000000
PLUMED:   and linear force constant 0.000000
PLUMED:   added component to this action:  rest_26.force2 
PLUMED: Action RESTRAINT
PLUMED:   with label rest_27
PLUMED:   with arguments d_27
PLUMED:   added component to this action:  rest_27.bias 
PLUMED:   at 0.250000
PLUMED:   with harmonic force constant 100.000000
PLUMED:   and linear force constant 0.000000
PLUMED:   added component to this action:  rest_27.force2 
PLUMED: Action RESTRAINT
PLUMED:   with label rest_28
PLUMED:   with arguments d_28
PLUMED:   added component to this action:  rest_28.bias 
PLUMED:   at 0.250000
PLUMED:   with harmonic force constant 100.000000
PLUMED:   and linear force constant 0.000000
PLUMED:   added component to this action:  rest_28.force2 
PLUMED: Action RESTRAINT
PLUMED:   with label rest_29
PLUMED:   with arguments d_29
PLUMED:   added component to this action:  rest_29.bias 
PLUMED:   at 0.250000
PLUMED:   with harmonic force constant 100.000000
PLUMED:   and linear force constant 0.000000
PLUMED:   added component to this action:  rest_29.force2 
PLUMED: Action RESTRAINT
PLUMED:   with label rest_30
PLUMED:   with arguments d_30
PLUMED:   added component to this action:  rest_30.bias 
PLUMED:   at 0.250000
PLUMED:   with harmonic force constant 100.000000
PLUMED:   and linear force constant 0.000000
PLUMED:   added component to this action:  rest_30.force2 
PLUMED: Action RESTRAINT
PLUMED:   with label rest_31
PLUMED:   with arguments d_31
PLUMED:   added component to this action:  rest_31.bias 
PLUMED:   at 0.250000
PLUMED:   with harmonic force constant 100.000000
PLUMED:   and linear force constant 0.000000
PLUMED:   added component to this action:  rest_31.force2 
PLUMED: Action RESTRAINT
PLUMED:   with label rest_32
PLUMED:   with arguments d_32
PLUMED:   added component to this action:  rest_32.bias 
PLUMED:   at 0.250000
PLUMED:   with harmonic force constant 100.000000
PLUMED:   and linear force constant 0.000000
PLUMED:   added component to this action:  rest_32.force2 
PLUMED: Action RESTRAINT
PLUMED:   with label rest_33
PLUMED:   with arguments d_33
PLUMED:   added component to this action:  rest_33.bias 
PLUMED:   at 0.250000
PLUMED:   with harmonic force constant 100.000000
PLUMED:   and linear force constant 0.000000
PLUMED:   added component to this action:  rest_33.force2 
PLUMED: Action RESTRAINT
PLUMED:   with label rest_34
PLUMED:   with arguments d_34
PLUMED:   added component to this action:  rest_34.bias 
PLUMED:   at 0.250000
PLUMED:   with harmonic force constant 100.000000
PLUMED:   and linear force constant 0.000000
PLUMED:   added component to this action:  rest_34.force2 
PLUMED: Action RESTRAINT
PLUMED:   with label rest_35
PLUMED:   with arguments d_35
PLUMED:   added component to this action:  rest_35.bias 
PLUMED:   at 0.250000
PLUMED:   with harmonic force constant 100.000000
PLUMED:   and linear force constant 0.000000
PLUMED:   added component to this action:  rest_35.force2 
PLUMED: Action RESTRAINT
PLUMED:   with label rest_36
PLUMED:   with arguments d_36
PLUMED:   added component to this action:  rest_36.bias 
PLUMED:   at 0.250000
PLUMED:   with harmonic force constant 100.000000
PLUMED:   and linear force constant 0.000000
PLUMED:   added component to this action:  rest_36.force2 
PLUMED: Action RESTRAINT
PLUMED:   with label rest_37
PLUMED:   with arguments d_37
PLUMED:   added component to this action:  rest_37.bias 
PLUMED:   at 0.250000
PLUMED:   with harmonic force constant 100.000000
PLUMED:   and linear force constant 0.000000
PLUMED:   added component to this action:  rest_37.force2 
PLUMED: Action RESTRAINT
PLUMED:   with label rest_38
PLUMED:   with arguments d_38
PLUMED:   added component to this action:  rest_38.bias 
PLUMED:   at 0.250000
PLUMED:   with harmonic force constant 100.000000
PLUMED:   and linear force constant 0.000000
PLUMED:   added component to this action:  rest_38.force2 
PLUMED: Action RESTRAINT
PLUMED:   with label rest_39
PLUMED:   with arguments d_39
PLUMED:   added component to this action:  rest_39.bias 
PLUMED:   at 0.250000
PLUMED:   with harmonic force constant 100.000000
PLUMED:   and linear force constant 0.000000
PLUMED:   added component to this action:  rest_39.force2 
PLUMED: Action RESTRAINT
PLUMED:   with label rest_40
PLUMED:   with arguments d_40
PLUMED:   added component to this action:  rest_40.bias 
PLUMED:   at 0.250000
PLUMED:   with harmonic force constant 100.000000
PLUMED:   and linear force constant 0.000000
PLUMED:   added component to this action:  rest_40.force2 
PLUMED: Action RESTRAINT
PLUMED:   with label rest_41
PLUMED:   with arguments d_41
PLUMED:   added component to this action:  rest_41.bias 
PLUMED:   at 0.250000
PLUMED:   with harmonic force constant 100.000000
PLUMED:   and linear force constant 0.000000
PLUMED:   added component to this action:  rest_41.force2 
PLUMED: Action RESTRAINT
PLUMED:   with label rest_42
PLUMED:   with arguments d_42
PLUMED:   added component to this action:  rest_42.bias 
PLUMED:   at 0.250000
PLUMED:   with harmonic force constant 100.000000
PLUMED:   and linear force constant 0.000000
PLUMED:   added component to this action:  rest_42.force2 
PLUMED: Action RESTRAINT
PLUMED:   with label rest_43
PLUMED:   with arguments d_43
PLUMED:   added component to this action:  rest_43.bias 
PLUMED:   at 0.250000
PLUMED:   with harmonic force constant 100.000000
PLUMED:   and linear force constant 0.000000
PLUMED:   added component to this action:  rest_43.force2 
PLUMED: Action RESTRAINT
PLUMED:   with label rest_44
PLUMED:   with arguments d_44
PLUMED:   added component to this action:  rest_44.bias 
PLUMED:   at 0.250000
PLUMED:   with harmonic force constant 100.000000
PLUMED:   and linear force constant 0.000000
PLUMED:   added component to this action:  rest_44.force2 
PLUMED: Action RESTRAINT
PLUMED:   with label rest_45
PLUMED:   with arguments d_45
PLUMED:   added component to this action:  rest_45.bias 
PLUMED:   at 0.250000
PLUMED:   with harmonic force constant 100.000000
PLUMED:   and linear force constant 0.000000
PLUMED:   added component to this action:  rest_45.force2 
PLUMED: Action RESTRAINT
PLUMED:   with label rest_46
PLUMED:   with arguments d_46
PLUMED:   added component to this action:  rest_46.bias 
PLUMED:   at 0.250000
PLUMED:   with harmonic force constant 100.000000
PLUMED:   and linear force constant 0.000000
PLUMED:   added component to this action:  rest_46.force2 
PLUMED: Action RESTRAINT
PLUMED:   with label rest_47
PLUMED:   with arguments d_47
PLUMED:   added component to this action:  rest_47.bias 
PLUMED:   at 0.250000
PLUMED:   with harmonic force constant 100.000000
PLUMED:   and linear force constant 0.000000
PLUMED:   added component to this action:  rest_47.force2 
PLUMED: Action RESTRAINT
PLUMED:   with label rest_48
PLUMED:   with arguments d_48
PLUMED:   added component to this action:  rest_48.bias 
PLUMED:   at 0.250000
PLUMED:   with harmonic force constant 100.000000
PLUMED:   and linear force constant 0.000000
PLUMED:   added component to this action:  rest_48.force2 
PLUMED: Action RESTRAINT
PLUMED:   with label rest_49
PLUMED:   with arguments d_49
PLUMED:   added component to this action:  rest_49.bias 
PLUMED:   at 0.250000
PLUMED:   with harmonic force constant 100.000000
PLUMED:   and linear force constant 0.000000
PLUMED:   added component to this action:  rest_49.force2 
PLUMED: Action RESTRAINT
PLUMED:   with label rest_50
PLUMED:   with arguments d_50
PLUMED:   added component to this action:  rest_50.bias 
PLUMED:   at 0.250000
PLUMED:   with harmonic force constant 100.000000
PLUMED:   and linear force constant 0.000000
PLUMED:   added component to this action:  rest_50.force2 
PLUMED: END FILE: plumed_dock.dat
PLUMED: Timestep: 0.000500
PLUMED: KbT: 2.478957
PLUMED: Relevant bibliography:
PLUMED:   [1] Tribello, Bonomi, Branduardi, Camilloni, and Bussi, Comput. Phys. Commun. 185, 604 (2014)
PLUMED: Please read and cite where appropriate!
PLUMED: Finished setup
Started mdrun on rank 0 Wed Feb 27 11:03:24 2019
           Step           Time         Lambda
              0        0.00000        0.00000

   Energies (kJ/mol)
        G96Bond       G96Angle    Proper Dih.  Improper Dih.        LJ (SR)
    1.99535e+05    1.08497e+04    1.60980e+03    4.71577e+02    5.08867e+05
  Disper. corr.   Coulomb (SR)   Coul. recip.      Potential    Kinetic En.
   -1.99099e+03   -3.96269e+05    1.09244e+05    4.32317e+05    1.83210e+04
   Total Energy    Temperature Pres. DC (bar) Pressure (bar)
    4.50638e+05    8.69079e+01   -1.28752e+02    1.12492e+05

step   80: timed with pme grid 56 56 56, coulomb cutoff 1.200: 614.5 M-cycles
step  160: timed with pme grid 48 48 48, coulomb cutoff 1.324: 880.0 M-cycles
step  240: timed with pme grid 52 52 52, coulomb cutoff 1.223: 649.2 M-cycles
step  320: timed with pme grid 56 56 56, coulomb cutoff 1.200: 564.8 M-cycles
step  400: timed with pme grid 56 56 56, coulomb cutoff 1.200: 507.9 M-cycles
step  480: timed with pme grid 56 56 56, coulomb cutoff 1.200: 504.6 M-cycles
              optimal pme grid 56 56 56, coulomb cutoff 1.200
           Step           Time         Lambda
          20000       10.00000        0.00000

Writing checkpoint, step 20000 at Wed Feb 27 11:04:37 2019


   Energies (kJ/mol)
        G96Bond       G96Angle    Proper Dih.  Improper Dih.        LJ (SR)
    2.72981e+03    2.86302e+03    1.12777e+03    2.49227e+02    6.35046e+04
  Disper. corr.   Coulomb (SR)   Coul. recip.      Potential    Kinetic En.
   -1.98458e+03   -4.54966e+05    1.92595e+03   -3.84550e+05    6.26788e+04
   Total Energy    Temperature Pres. DC (bar) Pressure (bar)
   -3.21872e+05    2.97325e+02   -1.27924e+02   -2.05963e+02

	<======  ###############  ==>
	<====  A V E R A G E S  ====>
	<==  ###############  ======>

	Statistics over 20001 steps using 201 frames

   Energies (kJ/mol)
        G96Bond       G96Angle    Proper Dih.  Improper Dih.        LJ (SR)
    7.24731e+03    5.91952e+03    1.35229e+03    4.54695e+02    6.79362e+04
  Disper. corr.   Coulomb (SR)   Coul. recip.      Potential    Kinetic En.
   -1.83820e+03   -4.52610e+05    3.58723e+03   -3.67951e+05    7.08591e+04
   Total Energy    Temperature Pres. DC (bar) Pressure (bar)
   -2.97092e+05    3.36129e+02   -1.11403e+02    4.59877e+02

          Box-X          Box-Y          Box-Z
    6.55561e+00    6.55561e+00    6.55561e+00

   Total Virial (kJ/mol)
    2.19373e+04   -1.04892e+02   -6.28565e+02
   -1.07780e+02    2.07835e+04   -1.90413e+01
   -6.31480e+02   -1.84853e+01    2.08414e+04

   Pressure (bar)
    3.62958e+02    2.71936e+01    7.80250e+01
    2.75196e+01    5.08504e+02   -8.68205e+00
    7.85459e+01   -8.71957e+00    5.08168e+02


	M E G A - F L O P S   A C C O U N T I N G

 NB=Group-cutoff nonbonded kernels    NxN=N-by-N cluster Verlet kernels
 RF=Reaction-Field  VdW=Van der Waals  QSTab=quadratic-spline table
 W3=SPC/TIP3p  W4=TIP4p (single or pairs)
 V&F=Potential and force  V=Potential only  F=Force only

 Computing:                               M-Number         M-Flops  % Flops
-----------------------------------------------------------------------------
 Pair Search distance check            1720.353264       15483.179     0.0
 NxN Ewald Elec. + LJ [F]            474125.314432    31292270.753    94.3
 NxN Ewald Elec. + LJ [V&F]            4815.556096      515264.502     1.6
 Calc Weights                          1493.474670       53765.088     0.2
 Spread Q Bspline                     31860.792960       63721.586     0.2
 Gather F Bspline                     31860.792960      191164.758     0.6
 3D-FFT                              122091.975506      976735.804     2.9
 Solve PME                               62.622016        4007.809     0.0
 Shift-X                                 12.469890          74.819     0.0
 Bonds                                   16.380819         966.468     0.0
 Angles                                  21.481074        3608.820     0.0
 Propers                                  9.460473        2166.448     0.0
 Impropers                                2.400120         499.225     0.0
 Virial                                  49.894935         898.109     0.0
 Stop-CM                                  5.002890          50.029     0.0
 Calc-Ekin                               99.609780        2689.464     0.0
 Constraint-V                           479.183958        3833.472     0.0
 Constraint-Vir                          47.939958        1150.559     0.0
 Settle                                 159.727986       51592.139     0.2
-----------------------------------------------------------------------------
 Total                                                33179943.032   100.0
-----------------------------------------------------------------------------


     R E A L   C Y C L E   A N D   T I M E   A C C O U N T I N G

On 1 MPI rank, each using 8 OpenMP threads

 Computing:          Num   Num      Call    Wall time         Giga-Cycles
                     Ranks Threads  Count      (s)         total sum    %
-----------------------------------------------------------------------------
 Neighbor search        1    8        501       1.092         35.017   1.5
 Launch GPU ops.        1    8      20001       1.184         37.970   1.6
 Force                  1    8      20001       9.189        294.645  12.6
 PME mesh               1    8      20001      22.890        733.938  31.4
 Wait GPU local         1    8      20001      22.797        730.958  31.2
 NB X/F buffer ops.     1    8      39501       3.114         99.859   4.3
 Write traj.            1    8          5       0.359         11.509   0.5
 Update                 1    8      20001       4.084        130.943   5.6
 Constraints            1    8      20001       4.007        128.490   5.5
 Rest                                           4.236        135.812   5.8
-----------------------------------------------------------------------------
 Total                                         72.952       2339.140 100.0
-----------------------------------------------------------------------------
 Breakdown of PME mesh computation
-----------------------------------------------------------------------------
 PME spread/gather      1    8      40002      14.362        460.508  19.7
 PME 3D-FFT             1    8      40002       7.411        237.634  10.2
 PME solve Elec         1    8      20001       0.982         31.496   1.3
-----------------------------------------------------------------------------

 GPU timings
-----------------------------------------------------------------------------
 Computing:                         Count  Wall t (s)      ms/step       %
-----------------------------------------------------------------------------
 Pair list H2D                        501       0.071        0.143     0.1
 X / q H2D                          20001       0.827        0.041     1.6
 Nonbonded F kernel                 19400      49.619        2.558    93.2
 Nonbonded F+ene k.                   100       0.393        3.930     0.7
 Nonbonded F+prune k.                 400       1.257        3.142     2.4
 Nonbonded F+ene+prune k.             101       0.455        4.500     0.9
 F D2H                              20001       0.619        0.031     1.2
-----------------------------------------------------------------------------
 Total                                         53.240        2.662   100.0
-----------------------------------------------------------------------------

Force evaluation time GPU/CPU: 2.662 ms/1.604 ms = 1.660
For optimal performance this ratio should be close to 1!


NOTE: The GPU has >20% more load than the CPU. This imbalance causes
      performance loss, consider using a shorter cut-off and a finer PME grid.

               Core t (s)   Wall t (s)        (%)
       Time:      571.015       72.952      782.7
                 (ns/day)    (hour/ns)
Performance:       11.844        2.026
Finished mdrun on rank 0 Wed Feb 27 11:04:37 2019
PLUMED:                                               Cycles        Total      Average      Minumum      Maximum
PLUMED:                                                    1     9.619439     9.619439     9.619439     9.619439
PLUMED: 1 Prepare dependencies                         20001     0.199539     0.000010     0.000007     0.000150
PLUMED: 2 Sharing data                                 20001     1.893792     0.000095     0.000087     0.010249
PLUMED: 3 Waiting for data                             20001     0.018449     0.000001     0.000000     0.000036
PLUMED: 4 Calculating (forward loop)                   20001     3.706087     0.000185     0.000168     0.007782
PLUMED: 5 Applying (backward loop)                     20001     3.472748     0.000174     0.000161     0.001739
PLUMED: 6 Update                                       20001     0.096899     0.000005     0.000003     0.000858
