Log file opened on Wed Feb 27 11:03:22 2019
Host: Labmmol  pid: 18039  rank ID: 0  number of ranks:  1
                   :-) GROMACS - gmx mdrun, VERSION 5.1.4 (-:

                            GROMACS is written by:
     Emile Apol      Rossen Apostolov  Herman J.C. Berendsen    Par Bjelkmar   
 Aldert van Buuren   Rudi van Drunen     Anton Feenstra   Sebastian Fritsch 
  Gerrit Groenhof   Christoph Junghans   Anca Hamuraru    Vincent Hindriksen
 Dimitrios Karkoulis    Peter Kasson        Jiri Kraus      Carsten Kutzner  
    Per Larsson      Justin A. Lemkul   Magnus Lundborg   Pieter Meulenhoff 
   Erik Marklund      Teemu Murtola       Szilard Pall       Sander Pronk   
   Roland Schulz     Alexey Shvetsov     Michael Shirts     Alfons Sijbers  
   Peter Tieleman    Teemu Virolainen  Christian Wennberg    Maarten Wolf   
                           and the project leaders:
        Mark Abraham, Berk Hess, Erik Lindahl, and David van der Spoel

Copyright (c) 1991-2000, University of Groningen, The Netherlands.
Copyright (c) 2001-2015, The GROMACS development team at
Uppsala University, Stockholm University and
the Royal Institute of Technology, Sweden.
check out http://www.gromacs.org for more information.

GROMACS is free software; you can redistribute it and/or modify it
under the terms of the GNU Lesser General Public License
as published by the Free Software Foundation; either version 2.1
of the License, or (at your option) any later version.

GROMACS:      gmx mdrun, VERSION 5.1.4
Executable:   /home/mayk/programs/gromacs-5.1.4/install/bin/gmx
Data prefix:  /home/mayk/programs/gromacs-5.1.4/install
Command line:
  gmx mdrun -s em1.tpr -deffnm em1

GROMACS version:    VERSION 5.1.4
Precision:          single
Memory model:       64 bit
MPI library:        thread_mpi
OpenMP support:     enabled (GMX_OPENMP_MAX_THREADS = 32)
GPU support:        enabled
OpenCL support:     disabled
invsqrt routine:    gmx_software_invsqrt(x)
SIMD instructions:  AVX2_256
FFT library:        fftw-3.3.4-sse2-avx
RDTSCP usage:       enabled
C++11 compilation:  disabled
TNG support:        enabled
Tracing support:    disabled
Built on:           Ter Jul 17 17:54:07 -03 2018
Built by:           mayk@magalylinux2 [CMAKE]
Build OS/arch:      Linux 4.15.0-24-generic x86_64
Build CPU vendor:   GenuineIntel
Build CPU brand:    Intel(R) Core(TM) i7-6700K CPU @ 4.00GHz
Build CPU family:   6   Model: 94   Stepping: 3
Build CPU features: aes apic avx avx2 clfsh cmov cx8 cx16 f16c fma htt lahf_lm mmx msr nonstop_tsc pcid pclmuldq pdcm pdpe1gb popcnt pse rdrnd rdtscp sse2 sse3 sse4.1 sse4.2 ssse3 tdt x2apic
C compiler:         /usr/bin/cc GNU 5.4.0
C compiler flags:    -march=core-avx2    -Wextra -Wno-missing-field-initializers -Wno-sign-compare -Wpointer-arith -Wall -Wno-unused -Wunused-value -Wunused-parameter  -O3 -DNDEBUG -funroll-all-loops -fexcess-precision=fast  -Wno-array-bounds 
C++ compiler:       /usr/bin/c++ GNU 5.4.0
C++ compiler flags:  -march=core-avx2    -Wextra -Wno-missing-field-initializers -Wpointer-arith -Wall -Wno-unused-function  -O3 -DNDEBUG -funroll-all-loops -fexcess-precision=fast  -Wno-array-bounds 
Boost version:      1.55.0 (internal)
CUDA compiler:      /usr/local/cuda/bin/nvcc nvcc: NVIDIA (R) Cuda compiler driver;Copyright (c) 2005-2016 NVIDIA Corporation;Built on Tue_Jan_10_13:22:03_CST_2017;Cuda compilation tools, release 8.0, V8.0.61
CUDA compiler flags:-gencode;arch=compute_20,code=sm_20;-gencode;arch=compute_30,code=sm_30;-gencode;arch=compute_35,code=sm_35;-gencode;arch=compute_37,code=sm_37;-gencode;arch=compute_50,code=sm_50;-gencode;arch=compute_52,code=sm_52;-gencode;arch=compute_60,code=sm_60;-gencode;arch=compute_61,code=sm_61;-gencode;arch=compute_60,code=compute_60;-gencode;arch=compute_61,code=compute_61;-use_fast_math;-D_FORCE_INLINES; ;-march=core-avx2;-Wextra;-Wno-missing-field-initializers;-Wpointer-arith;-Wall;-Wno-unused-function;-O3;-DNDEBUG;-funroll-all-loops;-fexcess-precision=fast;-Wno-array-bounds;
CUDA driver:        9.0
CUDA runtime:       8.0


Running on 1 node with total 4 cores, 8 logical cores, 1 compatible GPU
Hardware detected:
  CPU info:
    Vendor: GenuineIntel
    Brand:  Intel(R) Core(TM) i7-6700K CPU @ 4.00GHz
    Family:  6  model: 94  stepping:  3
    CPU features: aes apic avx avx2 clfsh cmov cx8 cx16 f16c fma htt lahf_lm mmx msr nonstop_tsc pcid pclmuldq pdcm pdpe1gb popcnt pse rdrnd rdtscp sse2 sse3 sse4.1 sse4.2 ssse3 tdt x2apic
    SIMD instructions most likely to fit this hardware: AVX2_256
    SIMD instructions selected at GROMACS compile time: AVX2_256
  GPU info:
    Number of GPUs detected: 1
    #0: NVIDIA GeForce GTX 750 Ti, compute cap.: 5.0, ECC:  no, stat: compatible


++++ PLEASE READ AND CITE THE FOLLOWING REFERENCE ++++
M. J. Abraham, T. Murtola, R. Schulz, S. Páll, J. C. Smith, B. Hess, E.
Lindahl
GROMACS: High performance molecular simulations through multi-level
parallelism from laptops to supercomputers
SoftwareX 1 (2015) pp. 19-25
-------- -------- --- Thank You --- -------- --------


++++ PLEASE READ AND CITE THE FOLLOWING REFERENCE ++++
S. Páll, M. J. Abraham, C. Kutzner, B. Hess, E. Lindahl
Tackling Exascale Software Challenges in Molecular Dynamics Simulations with
GROMACS
In S. Markidis & E. Laure (Eds.), Solving Software Challenges for Exascale 8759 (2015) pp. 3-27
-------- -------- --- Thank You --- -------- --------


++++ PLEASE READ AND CITE THE FOLLOWING REFERENCE ++++
S. Pronk, S. Páll, R. Schulz, P. Larsson, P. Bjelkmar, R. Apostolov, M. R.
Shirts, J. C. Smith, P. M. Kasson, D. van der Spoel, B. Hess, and E. Lindahl
GROMACS 4.5: a high-throughput and highly parallel open source molecular
simulation toolkit
Bioinformatics 29 (2013) pp. 845-54
-------- -------- --- Thank You --- -------- --------


++++ PLEASE READ AND CITE THE FOLLOWING REFERENCE ++++
B. Hess and C. Kutzner and D. van der Spoel and E. Lindahl
GROMACS 4: Algorithms for highly efficient, load-balanced, and scalable
molecular simulation
J. Chem. Theory Comput. 4 (2008) pp. 435-447
-------- -------- --- Thank You --- -------- --------


++++ PLEASE READ AND CITE THE FOLLOWING REFERENCE ++++
D. van der Spoel, E. Lindahl, B. Hess, G. Groenhof, A. E. Mark and H. J. C.
Berendsen
GROMACS: Fast, Flexible and Free
J. Comp. Chem. 26 (2005) pp. 1701-1719
-------- -------- --- Thank You --- -------- --------


++++ PLEASE READ AND CITE THE FOLLOWING REFERENCE ++++
E. Lindahl and B. Hess and D. van der Spoel
GROMACS 3.0: A package for molecular simulation and trajectory analysis
J. Mol. Mod. 7 (2001) pp. 306-317
-------- -------- --- Thank You --- -------- --------


++++ PLEASE READ AND CITE THE FOLLOWING REFERENCE ++++
H. J. C. Berendsen, D. van der Spoel and R. van Drunen
GROMACS: A message-passing parallel molecular dynamics implementation
Comp. Phys. Comm. 91 (1995) pp. 43-56
-------- -------- --- Thank You --- -------- --------

Input Parameters:
   integrator                     = steep
   tinit                          = 0
   dt                             = 0.001
   nsteps                         = 5000
   init-step                      = 0
   simulation-part                = 1
   comm-mode                      = Linear
   nstcomm                        = 100
   bd-fric                        = 0
   ld-seed                        = 3606809927
   emtol                          = 100
   emstep                         = 0.001
   niter                          = 20
   fcstep                         = 0
   nstcgsteep                     = 1000
   nbfgscorr                      = 10
   rtpi                           = 0.05
   nstxout                        = 0
   nstvout                        = 0
   nstfout                        = 0
   nstlog                         = 1000
   nstcalcenergy                  = 100
   nstenergy                      = 1000
   nstxout-compressed             = 0
   compressed-x-precision         = 1000
   cutoff-scheme                  = Verlet
   nstlist                        = 1
   ns-type                        = Grid
   pbc                            = xyz
   periodic-molecules             = FALSE
   verlet-buffer-tolerance        = 0.005
   rlist                          = 1
   rlistlong                      = 1
   nstcalclr                      = 1
   coulombtype                    = PME
   coulomb-modifier               = Potential-shift
   rcoulomb-switch                = 0
   rcoulomb                       = 1
   epsilon-r                      = 1
   epsilon-rf                     = inf
   vdw-type                       = PME
   vdw-modifier                   = Potential-shift
   rvdw-switch                    = 0
   rvdw                           = 1
   DispCorr                       = No
   table-extension                = 1
   fourierspacing                 = 0.12
   fourier-nx                     = 56
   fourier-ny                     = 56
   fourier-nz                     = 56
   pme-order                      = 4
   ewald-rtol                     = 1e-05
   ewald-rtol-lj                  = 0.001
   lj-pme-comb-rule               = Geometric
   ewald-geometry                 = 0
   epsilon-surface                = 0
   implicit-solvent               = No
   gb-algorithm                   = Still
   nstgbradii                     = 1
   rgbradii                       = 1
   gb-epsilon-solvent             = 80
   gb-saltconc                    = 0
   gb-obc-alpha                   = 1
   gb-obc-beta                    = 0.8
   gb-obc-gamma                   = 4.85
   gb-dielectric-offset           = 0.009
   sa-algorithm                   = Ace-approximation
   sa-surface-tension             = 2.05016
   tcoupl                         = No
   nsttcouple                     = -1
   nh-chain-length                = 0
   print-nose-hoover-chain-variables = FALSE
   pcoupl                         = No
   pcoupltype                     = Isotropic
   nstpcouple                     = -1
   tau-p                          = 1
   compressibility (3x3):
      compressibility[    0]={ 0.00000e+00,  0.00000e+00,  0.00000e+00}
      compressibility[    1]={ 0.00000e+00,  0.00000e+00,  0.00000e+00}
      compressibility[    2]={ 0.00000e+00,  0.00000e+00,  0.00000e+00}
   ref-p (3x3):
      ref-p[    0]={ 0.00000e+00,  0.00000e+00,  0.00000e+00}
      ref-p[    1]={ 0.00000e+00,  0.00000e+00,  0.00000e+00}
      ref-p[    2]={ 0.00000e+00,  0.00000e+00,  0.00000e+00}
   refcoord-scaling               = No
   posres-com (3):
      posres-com[0]= 0.00000e+00
      posres-com[1]= 0.00000e+00
      posres-com[2]= 0.00000e+00
   posres-comB (3):
      posres-comB[0]= 0.00000e+00
      posres-comB[1]= 0.00000e+00
      posres-comB[2]= 0.00000e+00
   QMMM                           = FALSE
   QMconstraints                  = 0
   QMMMscheme                     = 0
   MMChargeScaleFactor            = 1
qm-opts:
   ngQM                           = 0
   constraint-algorithm           = Lincs
   continuation                   = FALSE
   Shake-SOR                      = FALSE
   shake-tol                      = 0.0001
   lincs-order                    = 4
   lincs-iter                     = 1
   lincs-warnangle                = 30
   nwall                          = 0
   wall-type                      = 9-3
   wall-r-linpot                  = -1
   wall-atomtype[0]               = -1
   wall-atomtype[1]               = -1
   wall-density[0]                = 0
   wall-density[1]                = 0
   wall-ewald-zfac                = 3
   pull                           = FALSE
   rotation                       = FALSE
   interactiveMD                  = FALSE
   disre                          = No
   disre-weighting                = Conservative
   disre-mixed                    = FALSE
   dr-fc                          = 1000
   dr-tau                         = 0
   nstdisreout                    = 100
   orire-fc                       = 0
   orire-tau                      = 0
   nstorireout                    = 100
   free-energy                    = no
   cos-acceleration               = 0
   deform (3x3):
      deform[    0]={ 0.00000e+00,  0.00000e+00,  0.00000e+00}
      deform[    1]={ 0.00000e+00,  0.00000e+00,  0.00000e+00}
      deform[    2]={ 0.00000e+00,  0.00000e+00,  0.00000e+00}
   simulated-tempering            = FALSE
   E-x:
      n = 0
   E-xt:
      n = 0
   E-y:
      n = 0
   E-yt:
      n = 0
   E-z:
      n = 0
   E-zt:
      n = 0
   swapcoords                     = no
   adress                         = FALSE
   userint1                       = 0
   userint2                       = 0
   userint3                       = 0
   userint4                       = 0
   userreal1                      = 0
   userreal2                      = 0
   userreal3                      = 0
   userreal4                      = 0
grpopts:
   nrdf:        2607
   ref-t:           0
   tau-t:           0
annealing:          No
annealing-npoints:           0
   acc:	           0           0           0
   nfreeze:           N           N           N
   energygrp-flags[  0]: 0

Using 1 MPI thread
Using 8 OpenMP threads 

1 compatible GPU is present, with ID 0
1 GPU auto-selected for this run.
Mapping of GPU ID to the 1 PP rank in this node: 0

Will do PME sum in reciprocal space for electrostatic interactions.

++++ PLEASE READ AND CITE THE FOLLOWING REFERENCE ++++
U. Essmann, L. Perera, M. L. Berkowitz, T. Darden, H. Lee and L. G. Pedersen 
A smooth particle mesh Ewald method
J. Chem. Phys. 103 (1995) pp. 8577-8592
-------- -------- --- Thank You --- -------- --------

Will do ordinary reciprocal space Ewald sum.
Using a Gaussian width (1/beta) of 0.320163 nm for Ewald
Will do PME sum in reciprocal space for LJ dispersion interactions.

++++ PLEASE READ AND CITE THE FOLLOWING REFERENCE ++++
U. Essmann, L. Perera, M. L. Berkowitz, T. Darden, H. Lee and L. G. Pedersen 
A smooth particle mesh Ewald method
J. Chem. Phys. 103 (1995) pp. 8577-8592
-------- -------- --- Thank You --- -------- --------

Using a Gaussian width (1/beta) of 0.298423 nm for LJ Ewald
Using shifted Lennard-Jones, switch between 0 and 1 nm
Cut-off's:   NS: 1   Coulomb: 1   LJ: 1
System total charge: 62.000
Generated table with 1000 data points for Ewald.
Tabscale = 500 points/nm
Generated table with 1000 data points for LJ6Ewald.
Tabscale = 500 points/nm
Generated table with 1000 data points for LJ12.
Tabscale = 500 points/nm
Potential shift: LJ r^-12: -1.000e+00 r^-6: -1.000e-03, Ewald -1.000e-05
Initialized non-bonded Ewald correction tables, spacing: 9.33e-04 size: 1073


Using GPU 8x8 non-bonded kernels

Removing pbc first time
Pinning threads with an auto-selected logical core stride of 1
Initiating Steepest Descents
Started Steepest Descents on rank 0 Wed Feb 27 11:03:23 2019

Steepest Descents:
   Tolerance (Fmax)   =  1.00000e+02
   Number of steps    =         5000
           Step           Time         Lambda
              0        0.00000        0.00000

   Energies (kJ/mol)
        G96Bond       G96Angle    Proper Dih.  Improper Dih.        LJ (SR)
    1.27531e+05    2.51896e+03    1.45250e+03    4.23123e+02    1.76103e+11
   Coulomb (SR)   Coul. recip.      LJ recip.      Potential Pressure (bar)
   -1.76666e+04    8.41554e+04   -4.89178e+03    1.76103e+11    0.00000e+00

           Step           Time         Lambda
              1        1.00000        0.00000

   Energies (kJ/mol)
        G96Bond       G96Angle    Proper Dih.  Improper Dih.        LJ (SR)
    1.27517e+05    2.51865e+03    1.45231e+03    4.23371e+02    1.14271e+11
   Coulomb (SR)   Coul. recip.      LJ recip.      Potential Pressure (bar)
   -1.76661e+04    8.41553e+04   -4.89177e+03    1.14272e+11    0.00000e+00

           Step           Time         Lambda
              2        2.00000        0.00000

   Energies (kJ/mol)
        G96Bond       G96Angle    Proper Dih.  Improper Dih.        LJ (SR)
    1.27500e+05    2.51849e+03    1.45207e+03    4.23673e+02    7.21773e+10
   Coulomb (SR)   Coul. recip.      LJ recip.      Potential Pressure (bar)
   -1.76654e+04    8.41554e+04   -4.89176e+03    7.21775e+10    0.00000e+00

           Step           Time         Lambda
              3        3.00000        0.00000

   Energies (kJ/mol)
        G96Bond       G96Angle    Proper Dih.  Improper Dih.        LJ (SR)
    1.27481e+05    2.51864e+03    1.45176e+03    4.24041e+02    4.45667e+10
   Coulomb (SR)   Coul. recip.      LJ recip.      Potential Pressure (bar)
   -1.76646e+04    8.41554e+04   -4.89175e+03    4.45669e+10    0.00000e+00

           Step           Time         Lambda
              4        4.00000        0.00000

   Energies (kJ/mol)
        G96Bond       G96Angle    Proper Dih.  Improper Dih.        LJ (SR)
    1.27458e+05    2.51942e+03    1.45133e+03    4.24487e+02    2.64034e+10
   Coulomb (SR)   Coul. recip.      LJ recip.      Potential Pressure (bar)
   -1.76640e+04    8.41556e+04   -4.89174e+03    2.64036e+10    0.00000e+00

           Step           Time         Lambda
              5        5.00000        0.00000

   Energies (kJ/mol)
        G96Bond       G96Angle    Proper Dih.  Improper Dih.        LJ (SR)
    1.27433e+05    2.52145e+03    1.45075e+03    4.25025e+02    1.46493e+10
   Coulomb (SR)   Coul. recip.      LJ recip.      Potential Pressure (bar)
   -1.76652e+04    8.41559e+04   -4.89171e+03    1.46495e+10    0.00000e+00

           Step           Time         Lambda
              6        6.00000        0.00000

   Energies (kJ/mol)
        G96Bond       G96Angle    Proper Dih.  Improper Dih.        LJ (SR)
    1.27407e+05    2.52581e+03    1.44999e+03    4.25650e+02    7.88649e+09
   Coulomb (SR)   Coul. recip.      LJ recip.      Potential Pressure (bar)
   -1.76731e+04    8.41564e+04   -4.89167e+03    7.88668e+09    0.00000e+00

           Step           Time         Lambda
              7        7.00000        0.00000

   Energies (kJ/mol)
        G96Bond       G96Angle    Proper Dih.  Improper Dih.        LJ (SR)
    1.27386e+05    2.53474e+03    1.44916e+03    4.26280e+02    4.30835e+09
   Coulomb (SR)   Coul. recip.      LJ recip.      Potential Pressure (bar)
   -1.76935e+04    8.41569e+04   -4.89159e+03    4.30855e+09    0.00000e+00

           Step           Time         Lambda
              8        8.00000        0.00000

   Energies (kJ/mol)
        G96Bond       G96Angle    Proper Dih.  Improper Dih.        LJ (SR)
    1.27376e+05    2.55388e+03    1.44842e+03    4.26504e+02    2.39290e+09
   Coulomb (SR)   Coul. recip.      LJ recip.      Potential Pressure (bar)
   -1.77215e+04    8.41571e+04   -4.89145e+03    2.39309e+09    0.00000e+00

           Step           Time         Lambda
              9        9.00000        0.00000

   Energies (kJ/mol)
        G96Bond       G96Angle    Proper Dih.  Improper Dih.        LJ (SR)
    1.27383e+05    2.58318e+03    1.44804e+03    4.25573e+02    1.36832e+09
   Coulomb (SR)   Coul. recip.      LJ recip.      Potential Pressure (bar)
   -1.77361e+04    8.41573e+04   -4.89124e+03    1.36851e+09    0.00000e+00

           Step           Time         Lambda
             10       10.00000        0.00000

   Energies (kJ/mol)
        G96Bond       G96Angle    Proper Dih.  Improper Dih.        LJ (SR)
    1.27465e+05    2.62722e+03    1.44802e+03    4.24477e+02    7.62907e+08
   Coulomb (SR)   Coul. recip.      LJ recip.      Potential Pressure (bar)
   -1.77318e+04    8.41574e+04   -4.89091e+03    7.63101e+08    0.00000e+00

           Step           Time         Lambda
             11       11.00000        0.00000

   Energies (kJ/mol)
        G96Bond       G96Angle    Proper Dih.  Improper Dih.        LJ (SR)
    1.27717e+05    2.69482e+03    1.44870e+03    4.22964e+02    3.88007e+08
   Coulomb (SR)   Coul. recip.      LJ recip.      Potential Pressure (bar)
   -1.77107e+04    8.41557e+04   -4.89038e+03    3.88201e+08    0.00000e+00

           Step           Time         Lambda
             12       12.00000        0.00000

   Energies (kJ/mol)
        G96Bond       G96Angle    Proper Dih.  Improper Dih.        LJ (SR)
    1.28391e+05    2.81566e+03    1.44931e+03    4.22599e+02    1.69241e+08
   Coulomb (SR)   Coul. recip.      LJ recip.      Potential Pressure (bar)
   -1.76920e+04    8.41502e+04   -4.88951e+03    1.69435e+08    0.00000e+00

           Step           Time         Lambda
             13       13.00000        0.00000

   Energies (kJ/mol)
        G96Bond       G96Angle    Proper Dih.  Improper Dih.        LJ (SR)
    1.29739e+05    3.00440e+03    1.44871e+03    4.23382e+02    6.98653e+07
   Coulomb (SR)   Coul. recip.      LJ recip.      Potential Pressure (bar)
   -1.76918e+04    8.41422e+04   -4.88819e+03    7.00615e+07    0.00000e+00

           Step           Time         Lambda
             14       14.00000        0.00000

   Energies (kJ/mol)
        G96Bond       G96Angle    Proper Dih.  Improper Dih.        LJ (SR)
    1.32477e+05    3.30811e+03    1.44872e+03    4.24962e+02    2.53361e+07
   Coulomb (SR)   Coul. recip.      LJ recip.      Potential Pressure (bar)
   -1.76917e+04    8.41274e+04   -4.88593e+03    2.55353e+07    0.00000e+00

           Step           Time         Lambda
             15       15.00000        0.00000

   Energies (kJ/mol)
        G96Bond       G96Angle    Proper Dih.  Improper Dih.        LJ (SR)
    1.37194e+05    3.73652e+03    1.44812e+03    4.26079e+02    9.24542e+06
   Coulomb (SR)   Coul. recip.      LJ recip.      Potential Pressure (bar)
   -1.77152e+04    8.41055e+04   -4.88236e+03    9.44973e+06    0.00000e+00

           Step           Time         Lambda
             16       16.00000        0.00000

   Energies (kJ/mol)
        G96Bond       G96Angle    Proper Dih.  Improper Dih.        LJ (SR)
    1.46004e+05    4.28793e+03    1.45159e+03    4.26973e+02    3.39730e+06
   Coulomb (SR)   Coul. recip.      LJ recip.      Potential Pressure (bar)
   -1.77699e+04    8.40515e+04   -4.87567e+03    3.61088e+06    0.00000e+00

           Step           Time         Lambda
             17       17.00000        0.00000

   Energies (kJ/mol)
        G96Bond       G96Angle    Proper Dih.  Improper Dih.        LJ (SR)
    1.54435e+05    4.74927e+03    1.46600e+03    4.24259e+02    1.76792e+06
   Coulomb (SR)   Coul. recip.      LJ recip.      Potential Pressure (bar)
   -1.78240e+04    8.39969e+04   -4.86791e+03    1.99030e+06    0.00000e+00

           Step           Time         Lambda
             18       18.00000        0.00000

   Energies (kJ/mol)
        G96Bond       G96Angle    Proper Dih.  Improper Dih.        LJ (SR)
    1.68322e+05    5.33958e+03    1.48902e+03    4.21426e+02    9.25028e+05
   Coulomb (SR)   Coul. recip.      LJ recip.      Potential Pressure (bar)
   -1.79023e+04    8.39204e+04   -4.85589e+03    1.16176e+06    0.00000e+00

           Step           Time         Lambda
             19       19.00000        0.00000

   Energies (kJ/mol)
        G96Bond       G96Angle    Proper Dih.  Improper Dih.        LJ (SR)
    1.81677e+05    5.99511e+03    1.52769e+03    4.29203e+02    5.64930e+05
   Coulomb (SR)   Coul. recip.      LJ recip.      Potential Pressure (bar)
   -1.80100e+04    8.38248e+04   -4.84007e+03    8.15533e+05    0.00000e+00

           Step           Time         Lambda
             20       20.00000        0.00000

   Energies (kJ/mol)
        G96Bond       G96Angle    Proper Dih.  Improper Dih.        LJ (SR)
    1.97835e+05    6.86196e+03    1.56126e+03    4.62434e+02    3.83229e+05
   Coulomb (SR)   Coul. recip.      LJ recip.      Potential Pressure (bar)
   -1.81102e+04    8.37294e+04   -4.82012e+03    6.50749e+05    0.00000e+00

           Step           Time         Lambda
             21       21.00000        0.00000

   Energies (kJ/mol)
        G96Bond       G96Angle    Proper Dih.  Improper Dih.        LJ (SR)
    1.97455e+05    7.91801e+03    1.56506e+03    4.62495e+02    3.55490e+05
   Coulomb (SR)   Coul. recip.      LJ recip.      Potential Pressure (bar)
   -1.81247e+04    8.36999e+04   -4.81828e+03    6.23647e+05    0.00000e+00

           Step           Time         Lambda
             22       22.00000        0.00000

   Energies (kJ/mol)
        G96Bond       G96Angle    Proper Dih.  Improper Dih.        LJ (SR)
    2.00926e+05    8.35682e+03    1.61009e+03    4.68506e+02    2.92466e+05
   Coulomb (SR)   Coul. recip.      LJ recip.      Potential Pressure (bar)
   -1.82561e+04    8.35137e+04   -4.79694e+03    5.64287e+05    0.00000e+00

           Step           Time         Lambda
             23       23.00000        0.00000

   Energies (kJ/mol)
        G96Bond       G96Angle    Proper Dih.  Improper Dih.        LJ (SR)
    1.98795e+05    1.07083e+04    1.60795e+03    4.70432e+02    1.66563e+05
   Coulomb (SR)   Coul. recip.      LJ recip.      Potential Pressure (bar)
   -1.82717e+04    8.34646e+04   -4.79382e+03    4.38544e+05    0.00000e+00

           Step           Time         Lambda
             24       24.00000        0.00000

           Step           Time         Lambda
             25       25.00000        0.00000

           Step           Time         Lambda
             26       26.00000        0.00000

           Step           Time         Lambda
             27       27.00000        0.00000

           Step           Time         Lambda
             28       28.00000        0.00000

           Step           Time         Lambda
             29       29.00000        0.00000

           Step           Time         Lambda
             30       30.00000        0.00000

           Step           Time         Lambda
             31       31.00000        0.00000

   Energies (kJ/mol)
        G96Bond       G96Angle    Proper Dih.  Improper Dih.        LJ (SR)
    1.98793e+05    1.07144e+04    1.60795e+03    4.70437e+02   -6.72068e+05
   Coulomb (SR)   Coul. recip.      LJ recip.      Potential Pressure (bar)
   -1.82717e+04    8.34640e+04   -4.79382e+03   -4.00083e+05    0.00000e+00

           Step           Time         Lambda
             32       32.00000        0.00000

           Step           Time         Lambda
             33       33.00000        0.00000

           Step           Time         Lambda
             34       34.00000        0.00000

   Energies (kJ/mol)
        G96Bond       G96Angle    Proper Dih.  Improper Dih.        LJ (SR)
    1.98793e+05    1.07163e+04    1.60795e+03    4.70437e+02   -1.88117e+06
   Coulomb (SR)   Coul. recip.      LJ recip.      Potential Pressure (bar)
   -1.82717e+04    8.34639e+04   -4.79382e+03   -1.60919e+06    0.00000e+00

           Step           Time         Lambda
             35       35.00000        0.00000

   Energies (kJ/mol)
        G96Bond       G96Angle    Proper Dih.  Improper Dih.        LJ (SR)
    1.98793e+05    1.07187e+04    1.60795e+03    4.70437e+02   -6.52471e+06
   Coulomb (SR)   Coul. recip.      LJ recip.      Potential Pressure (bar)
   -1.82717e+04    8.34637e+04   -4.79382e+03   -6.25272e+06    0.00000e+00

           Step           Time         Lambda
             36       36.00000        0.00000

           Step           Time         Lambda
             37       37.00000        0.00000

   Energies (kJ/mol)
        G96Bond       G96Angle    Proper Dih.  Improper Dih.        LJ (SR)
    1.98793e+05    1.07201e+04    1.60795e+03    4.70437e+02   -1.49348e+07
   Coulomb (SR)   Coul. recip.      LJ recip.      Potential Pressure (bar)
   -1.82717e+04    8.34637e+04   -4.79382e+03   -1.46628e+07    0.00000e+00

           Step           Time         Lambda
             38       38.00000        0.00000

           Step           Time         Lambda
             39       39.00000        0.00000

   Energies (kJ/mol)
        G96Bond       G96Angle    Proper Dih.  Improper Dih.        LJ (SR)
    1.98792e+05    1.07210e+04    1.60795e+03    4.70437e+02   -2.57646e+07
   Coulomb (SR)   Coul. recip.      LJ recip.      Potential Pressure (bar)
   -1.82717e+04    8.34636e+04   -4.79382e+03   -2.54926e+07    0.00000e+00

           Step           Time         Lambda
             40       40.00000        0.00000

   Energies (kJ/mol)
        G96Bond       G96Angle    Proper Dih.  Improper Dih.        LJ (SR)
    1.98792e+05    1.07220e+04    1.60795e+03    4.70437e+02   -5.29472e+07
   Coulomb (SR)   Coul. recip.      LJ recip.      Potential Pressure (bar)
   -1.82717e+04    8.34635e+04   -4.79382e+03   -5.26752e+07    0.00000e+00

           Step           Time         Lambda
             41       41.00000        0.00000

   Energies (kJ/mol)
        G96Bond       G96Angle    Proper Dih.  Improper Dih.        LJ (SR)
    1.98792e+05    1.07232e+04    1.60795e+03    4.70437e+02   -1.42536e+08
   Coulomb (SR)   Coul. recip.      LJ recip.      Potential Pressure (bar)
   -1.82717e+04    8.34635e+04   -4.79382e+03   -1.42264e+08    0.00000e+00

           Step           Time         Lambda
             42       42.00000        0.00000

           Step           Time         Lambda
             43       43.00000        0.00000

           Step           Time         Lambda
             44       44.00000        0.00000

           Step           Time         Lambda
             45       45.00000        0.00000

           Step           Time         Lambda
             46       46.00000        0.00000

           Step           Time         Lambda
             47       47.00000        0.00000

           Step           Time         Lambda
             48       48.00000        0.00000


Energy minimization has stopped, but the forces have not converged to the
requested precision Fmax < 100 (which may not be possible for your system).
It stopped because the algorithm tried to make a new step whose size was too
small, or there was no change in the energy since last step. Either way, we
regard the minimization as converged to within the available machine
precision, given your starting configuration and EM parameters.

Double precision normally gives you higher accuracy, but this is often not
needed for preparing to run molecular dynamics.

Steepest Descents converged to machine precision in 49 steps,
but did not reach the requested Fmax < 100.
Potential Energy  = -1.4226435e+08
Maximum force     =  8.4987137e+11 on atom 772
Norm of force     =  4.0748212e+10

	M E G A - F L O P S   A C C O U N T I N G

 NB=Group-cutoff nonbonded kernels    NxN=N-by-N cluster Verlet kernels
 RF=Reaction-Field  VdW=Van der Waals  QSTab=quadratic-spline table
 W3=SPC/TIP3p  W4=TIP4p (single or pairs)
 V&F=Potential and force  V=Potential only  F=Force only

 Computing:                               M-Number         M-Flops  % Flops
-----------------------------------------------------------------------------
 Pair Search distance check               1.530368          13.773     0.2
 NxN Ewald Elec. + LJ [V&F]               9.554752        1337.665    21.5
 Calc Weights                             0.127890           4.604     0.1
 Spread Q Bspline                         5.456640          10.913     0.2
 Gather F Bspline                         5.456640          32.740     0.5
 3D-FFT                                 599.680228        4797.442    76.9
 Solve PME                                0.307328          19.669     0.3
 Shift-X                                  0.042630           0.256     0.0
 Bonds                                    0.040131           2.368     0.0
 Angles                                   0.052626           8.841     0.1
 Propers                                  0.023177           5.308     0.1
 Impropers                                0.005880           1.223     0.0
 Virial                                   0.044835           0.807     0.0
-----------------------------------------------------------------------------
 Total                                                    6235.609   100.0
-----------------------------------------------------------------------------


     R E A L   C Y C L E   A N D   T I M E   A C C O U N T I N G

On 1 MPI rank, each using 8 OpenMP threads

 Computing:          Num   Num      Call    Wall time         Giga-Cycles
                     Ranks Threads  Count      (s)         total sum    %
-----------------------------------------------------------------------------
 Neighbor search        1    8         49       0.008          0.533   5.5
 Launch GPU ops.        1    8         49       0.002          0.113   1.2
 Force                  1    8         49       0.002          0.113   1.2
 PME mesh               1    8         49       0.035          2.271  23.3
 Wait GPU local         1    8         49       0.000          0.023   0.2
 NB X/F buffer ops.     1    8         49       0.000          0.008   0.1
 Rest                                           0.104          6.690  68.6
-----------------------------------------------------------------------------
 Total                                          0.152          9.752 100.0
-----------------------------------------------------------------------------
 Breakdown of PME mesh computation
-----------------------------------------------------------------------------
 PME spread/gather      1    8        196       0.008          0.542   5.6
 PME 3D-FFT             1    8        196       0.018          1.181  12.1
 PME solve LJ           1    8         49       0.005          0.296   3.0
 PME solve Elec         1    8         49       0.004          0.242   2.5
-----------------------------------------------------------------------------

 GPU timings
-----------------------------------------------------------------------------
 Computing:                         Count  Wall t (s)      ms/step       %
-----------------------------------------------------------------------------
 Pair list H2D                         49       0.002        0.035    22.2
 X / q H2D                             49       0.000        0.004     2.8
 Nonbonded F+ene+prune k.              49       0.005        0.094    60.0
 F D2H                                 49       0.001        0.023    15.0
-----------------------------------------------------------------------------
 Total                                          0.008        0.156   100.0
-----------------------------------------------------------------------------

Force evaluation time GPU/CPU: 0.156 ms/0.759 ms = 0.206
For optimal performance this ratio should be close to 1!


NOTE: The GPU has >25% less load than the CPU. This imbalance causes
      performance loss.

               Core t (s)   Wall t (s)        (%)
       Time:        1.166        0.152      766.5
               (steps/hour)
Performance:      1160033.6
Finished mdrun on rank 0 Wed Feb 27 11:03:23 2019
